2017-04-27 22:31:48 Process10080:10096 Main start
2017-04-27 22:31:48 Process10080:10096 Post https://www.lagou.com/jobs/positionAjax.json?
2017-04-27 22:31:49 Process10080:10096 Post 200 https://www.lagou.com/jobs/positionAjax.json?
2017-04-27 22:31:49 Process10080:10096 Post https://www.lagou.com/jobs/positionAjax.json?
2017-04-27 22:31:49 Process10080:10096 Post 200 https://www.lagou.com/jobs/positionAjax.json?
2017-04-27 22:31:50 Process10080:10096 Post https://www.lagou.com/jobs/positionAjax.json?
2017-04-27 22:31:50 Process10080:10096 Post 200 https://www.lagou.com/jobs/positionAjax.json?
2017-04-27 22:31:51 Process10080:10096 Process start
2017-04-27 22:32:31 Process10080:10096 Main start
2017-04-27 22:32:31 Process10080:10096 Post https://www.lagou.com/jobs/positionAjax.json?
2017-04-27 22:32:31 Process10080:10096 Post 200 https://www.lagou.com/jobs/positionAjax.json?
2017-04-27 22:32:31 Process10080:10096 Post https://www.lagou.com/jobs/positionAjax.json?
2017-04-27 22:32:32 Process10080:10096 Post 200 https://www.lagou.com/jobs/positionAjax.json?
2017-04-27 22:32:32 Process10080:10096 Post https://www.lagou.com/jobs/positionAjax.json?
2017-04-27 22:32:32 Process10080:10096 Post 200 https://www.lagou.com/jobs/positionAjax.json?
2017-04-27 22:32:33 Process10080:10096 Process start
2017-04-27 22:34:13 Process6440:10336 Main start
2017-04-27 22:34:13 Process6440:10336 Post https://www.lagou.com/jobs/positionAjax.json?
2017-04-27 22:34:13 Process6440:10336 Post 200 https://www.lagou.com/jobs/positionAjax.json?
2017-04-27 22:34:14 Process6440:10336 Post https://www.lagou.com/jobs/positionAjax.json?
2017-04-27 22:34:14 Process6440:10336 Post 200 https://www.lagou.com/jobs/positionAjax.json?
2017-04-27 22:34:15 Process6440:10336 Post https://www.lagou.com/jobs/positionAjax.json?
2017-04-27 22:34:15 Process6440:10336 Post 200 https://www.lagou.com/jobs/positionAjax.json?
2017-04-27 22:34:16 Process6440:10336 Process start
2017-04-27 22:34:16 Process6440:10336 Main start
2017-04-27 22:34:16 Process6440:10336 Post https://www.lagou.com/jobs/positionAjax.json?
2017-04-27 22:34:17 Process6440:10336 Post 200 https://www.lagou.com/jobs/positionAjax.json?
2017-04-27 22:34:17 Process6440:10336 Post https://www.lagou.com/jobs/positionAjax.json?
2017-04-27 22:34:17 Process6440:10336 Post 200 https://www.lagou.com/jobs/positionAjax.json?
2017-04-27 22:34:18 Process6440:10336 Post https://www.lagou.com/jobs/positionAjax.json?
2017-04-27 22:34:18 Process6440:10336 Post 200 https://www.lagou.com/jobs/positionAjax.json?
2017-04-27 22:34:18 Process6440:10336 Process start
2017-04-27 22:36:47 Process7028:5132 Main start
2017-04-27 22:36:47 Process7028:5132 Post https://www.lagou.com/jobs/positionAjax.json?
2017-04-27 22:36:47 Process7028:5132 Post 200 https://www.lagou.com/jobs/positionAjax.json?
2017-04-27 22:36:47 Process7028:5132 Post https://www.lagou.com/jobs/positionAjax.json?
2017-04-27 22:36:48 Process7028:5132 Post 200 https://www.lagou.com/jobs/positionAjax.json?
2017-04-27 22:36:48 Process7028:5132 Post https://www.lagou.com/jobs/positionAjax.json?
2017-04-27 22:36:49 Process7028:5132 Post 200 https://www.lagou.com/jobs/positionAjax.json?
2017-04-27 22:36:49 Process7028:5132 Process start
2017-04-27 22:36:49 Process7028:5132 Main start
2017-04-27 22:36:49 Process7028:5132 Post https://www.lagou.com/jobs/positionAjax.json?
2017-04-27 22:36:50 Process7028:5132 Post 200 https://www.lagou.com/jobs/positionAjax.json?
2017-04-27 22:36:50 Process7028:5132 Post https://www.lagou.com/jobs/positionAjax.json?
2017-04-27 22:36:50 Process7028:5132 Post 200 https://www.lagou.com/jobs/positionAjax.json?
2017-04-27 22:36:51 Process7028:5132 Post https://www.lagou.com/jobs/positionAjax.json?
2017-04-27 22:36:51 Process7028:5132 Post 200 https://www.lagou.com/jobs/positionAjax.json?
2017-04-27 22:36:51 Process7028:5132 Process start
2017-04-27 22:37:16 Process7024:5588 Main start
2017-04-27 22:37:16 Process7024:5588 Post https://www.lagou.com/jobs/positionAjax.json?
2017-04-27 22:37:16 Process7024:5588 Post 200 https://www.lagou.com/jobs/positionAjax.json?
2017-04-27 22:37:17 Process7024:5588 Post https://www.lagou.com/jobs/positionAjax.json?
2017-04-27 22:37:17 Process7024:5588 Post 200 https://www.lagou.com/jobs/positionAjax.json?
2017-04-27 22:37:17 Process7024:5588 Post https://www.lagou.com/jobs/positionAjax.json?
2017-04-27 22:37:18 Process7024:5588 Post 200 https://www.lagou.com/jobs/positionAjax.json?
2017-04-27 22:37:18 Process7024:5588 Process start
2017-04-27 22:37:18 Process7024:5588 Main start
2017-04-27 22:37:18 Process7024:5588 Post https://www.lagou.com/jobs/positionAjax.json?
2017-04-27 22:37:19 Process7024:5588 Post 200 https://www.lagou.com/jobs/positionAjax.json?
2017-04-27 22:37:19 Process7024:5588 Post https://www.lagou.com/jobs/positionAjax.json?
2017-04-27 22:37:19 Process7024:5588 Post 200 https://www.lagou.com/jobs/positionAjax.json?
2017-04-27 22:37:20 Process7024:5588 Post https://www.lagou.com/jobs/positionAjax.json?
2017-04-27 22:37:20 Process7024:5588 Post 200 https://www.lagou.com/jobs/positionAjax.json?
2017-04-27 22:37:20 Process7024:5588 Process start
2017-04-27 22:40:53 Process12392:1156 Main start
2017-04-27 22:40:53 Process12392:1156 Post https://www.lagou.com/jobs/positionAjax.json?
2017-04-27 22:40:53 Process12392:1156 Post 200 https://www.lagou.com/jobs/positionAjax.json?
2017-04-27 22:40:53 Process12392:1156 Post https://www.lagou.com/jobs/positionAjax.json?
2017-04-27 22:40:54 Process12392:1156 Post 200 https://www.lagou.com/jobs/positionAjax.json?
2017-04-27 22:40:54 Process12392:1156 Post https://www.lagou.com/jobs/positionAjax.json?
2017-04-27 22:40:55 Process12392:1156 Post 200 https://www.lagou.com/jobs/positionAjax.json?
2017-04-27 22:40:55 Process12392:1156 Process start
2017-04-27 22:40:55 Process12392:1156 Main start
2017-04-27 22:40:55 Process12392:1156 Post https://www.lagou.com/jobs/positionAjax.json?
2017-04-27 22:40:56 Process12392:1156 Post 200 https://www.lagou.com/jobs/positionAjax.json?
2017-04-27 22:40:56 Process12392:1156 Post https://www.lagou.com/jobs/positionAjax.json?
2017-04-27 22:40:56 Process12392:1156 Post 200 https://www.lagou.com/jobs/positionAjax.json?
2017-04-27 22:40:57 Process12392:1156 Post https://www.lagou.com/jobs/positionAjax.json?
2017-04-27 22:40:57 Process12392:1156 Post 200 https://www.lagou.com/jobs/positionAjax.json?
2017-04-27 22:40:57 Process12392:1156 Process start
2017-04-27 22:46:59 Process10144:13004 Main start
2017-04-27 22:46:59 Process10144:13004 Post https://www.lagou.com/jobs/positionAjax.json?
2017-04-27 22:46:59 Process10144:13004 Post 200 https://www.lagou.com/jobs/positionAjax.json?
2017-04-27 22:46:59 Process10144:13004 Post https://www.lagou.com/jobs/positionAjax.json?
2017-04-27 22:47:00 Process10144:13004 Post 200 https://www.lagou.com/jobs/positionAjax.json?
2017-04-27 22:47:00 Process10144:13004 Post https://www.lagou.com/jobs/positionAjax.json?
2017-04-27 22:47:01 Process10144:13004 Post 200 https://www.lagou.com/jobs/positionAjax.json?
2017-04-27 22:47:01 Process10144:13004 Process start
2017-04-27 22:49:32 Process6196:12812 Main start
2017-04-27 22:49:32 Process6196:12812 Post https://www.lagou.com/jobs/positionAjax.json?
2017-04-27 22:49:32 Process6196:12812 Post 200 https://www.lagou.com/jobs/positionAjax.json?
2017-04-27 22:49:33 Process6196:12812 Post https://www.lagou.com/jobs/positionAjax.json?
2017-04-27 22:49:33 Process6196:12812 Post 200 https://www.lagou.com/jobs/positionAjax.json?
2017-04-27 22:49:34 Process6196:12812 Post https://www.lagou.com/jobs/positionAjax.json?
2017-04-27 22:49:34 Process6196:12812 Post 200 https://www.lagou.com/jobs/positionAjax.json?
2017-04-27 22:49:34 Process6196:12812 Process start
2017-04-27 22:49:34 Process6196:12812 Main start
2017-04-27 22:49:34 Process6196:12812 Post https://www.lagou.com/jobs/positionAjax.json?
2017-04-27 22:49:35 Process6196:12812 Post 200 https://www.lagou.com/jobs/positionAjax.json?
2017-04-27 22:49:35 Process6196:12812 Post https://www.lagou.com/jobs/positionAjax.json?
2017-04-27 22:49:35 Process6196:12812 Post 200 https://www.lagou.com/jobs/positionAjax.json?
2017-04-27 22:49:36 Process6196:12812 Post https://www.lagou.com/jobs/positionAjax.json?
2017-04-27 22:49:36 Process6196:12812 Post 200 https://www.lagou.com/jobs/positionAjax.json?
2017-04-27 22:49:36 Process6196:12812 Process start
2017-04-27 22:51:15 Process2692:6212 Main start
2017-04-27 22:51:15 Process2692:6212 Post https://www.lagou.com/jobs/positionAjax.json?
2017-04-27 22:51:15 Process2692:6212 Post 200 https://www.lagou.com/jobs/positionAjax.json?
2017-04-27 22:51:16 Process2692:6212 Post https://www.lagou.com/jobs/positionAjax.json?
2017-04-27 22:51:16 Process2692:6212 Post 200 https://www.lagou.com/jobs/positionAjax.json?
2017-04-27 22:51:16 Process2692:6212 Post https://www.lagou.com/jobs/positionAjax.json?
2017-04-27 22:51:17 Process2692:6212 Post 200 https://www.lagou.com/jobs/positionAjax.json?
2017-04-27 22:51:17 Process2692:6212 Process start
2017-04-27 22:55:13 Process13420:7852 Main start
2017-04-27 22:55:13 Process13420:7852 Post https://www.lagou.com/jobs/positionAjax.json?
2017-04-27 22:55:14 Process13420:7852 Post 200 https://www.lagou.com/jobs/positionAjax.json?
2017-04-27 22:55:14 Process13420:7852 Post https://www.lagou.com/jobs/positionAjax.json?
2017-04-27 22:55:15 Process13420:7852 Post 200 https://www.lagou.com/jobs/positionAjax.json?
2017-04-27 22:55:15 Process13420:7852 Post https://www.lagou.com/jobs/positionAjax.json?
2017-04-27 22:55:15 Process13420:7852 Post 200 https://www.lagou.com/jobs/positionAjax.json?
2017-04-27 22:55:16 Process13420:7852 Process start
2017-04-27 22:55:48 Process13420:7852 Main start
2017-04-27 22:55:48 Process13420:7852 Post https://www.lagou.com/jobs/positionAjax.json?
2017-04-27 22:55:48 Process13420:7852 Post 200 https://www.lagou.com/jobs/positionAjax.json?
2017-04-27 22:55:49 Process13420:7852 Post https://www.lagou.com/jobs/positionAjax.json?
2017-04-27 22:55:49 Process13420:7852 Post 200 https://www.lagou.com/jobs/positionAjax.json?
2017-04-27 22:55:50 Process13420:7852 Post https://www.lagou.com/jobs/positionAjax.json?
2017-04-27 22:55:50 Process13420:7852 Post 200 https://www.lagou.com/jobs/positionAjax.json?
2017-04-27 22:55:50 Process13420:7852 Process start
2017-04-27 22:56:46 Process13420:7852 Main start
2017-04-27 22:56:46 Process13420:7852 Post https://www.lagou.com/jobs/positionAjax.json?
2017-04-27 22:56:47 Process13420:7852 Post 200 https://www.lagou.com/jobs/positionAjax.json?
2017-04-27 22:56:47 Process13420:7852 Post https://www.lagou.com/jobs/positionAjax.json?
2017-04-27 22:56:47 Process13420:7852 Post 200 https://www.lagou.com/jobs/positionAjax.json?
2017-04-27 22:56:48 Process13420:7852 Post https://www.lagou.com/jobs/positionAjax.json?
2017-04-27 22:56:48 Process13420:7852 Post 200 https://www.lagou.com/jobs/positionAjax.json?
2017-04-27 22:56:48 Process13420:7852 Process start
2017-04-27 23:19:32 Process13420:7852 Main start
2017-04-27 23:19:32 Process13420:7852 Post https://www.lagou.com/jobs/positionAjax.json?
2017-04-27 23:19:32 Process13420:7852 Post 200 https://www.lagou.com/jobs/positionAjax.json?
2017-04-27 23:19:33 Process13420:7852 Post https://www.lagou.com/jobs/positionAjax.json?
2017-04-27 23:19:33 Process13420:7852 Post 200 https://www.lagou.com/jobs/positionAjax.json?
2017-04-27 23:19:33 Process13420:7852 Post https://www.lagou.com/jobs/positionAjax.json?
2017-04-27 23:19:34 Process13420:7852 Post 200 https://www.lagou.com/jobs/positionAjax.json?
2017-04-27 23:19:34 Process13420:7852 Process start
2017-04-27 23:19:42 Process13420:7852 Main start
2017-04-27 23:19:42 Process13420:7852 Post https://www.lagou.com/jobs/positionAjax.json?
2017-04-27 23:19:42 Process13420:7852 Post 200 https://www.lagou.com/jobs/positionAjax.json?
2017-04-27 23:19:43 Process13420:7852 Post https://www.lagou.com/jobs/positionAjax.json?
2017-04-27 23:19:43 Process13420:7852 Post 200 https://www.lagou.com/jobs/positionAjax.json?
2017-04-27 23:19:43 Process13420:7852 Post https://www.lagou.com/jobs/positionAjax.json?
2017-04-27 23:19:44 Process13420:7852 Post 200 https://www.lagou.com/jobs/positionAjax.json?
2017-04-27 23:19:44 Process13420:7852 Process start
2017-04-27 23:26:12 Process13936:14212 Main start
2017-04-27 23:26:12 Process13936:14212 Post https://www.lagou.com/jobs/positionAjax.json?
2017-04-27 23:26:12 Process13936:14212 Post 200 https://www.lagou.com/jobs/positionAjax.json?
2017-04-27 23:26:13 Process13936:14212 Post https://www.lagou.com/jobs/positionAjax.json?
2017-04-27 23:26:13 Process13936:14212 Post 200 https://www.lagou.com/jobs/positionAjax.json?
2017-04-27 23:26:13 Process13936:14212 Post https://www.lagou.com/jobs/positionAjax.json?
2017-04-27 23:26:14 Process13936:14212 Post 200 https://www.lagou.com/jobs/positionAjax.json?
2017-04-27 23:26:14 Process13936:14212 Process start
2017-04-27 23:26:41 Process13936:14212 Main start
2017-04-27 23:26:41 Process13936:14212 Post https://www.lagou.com/jobs/positionAjax.json?
2017-04-27 23:26:41 Process13936:14212 Post 200 https://www.lagou.com/jobs/positionAjax.json?
2017-04-27 23:26:41 Process13936:14212 Post https://www.lagou.com/jobs/positionAjax.json?
2017-04-27 23:26:42 Process13936:14212 Post 200 https://www.lagou.com/jobs/positionAjax.json?
2017-04-27 23:26:42 Process13936:14212 Post https://www.lagou.com/jobs/positionAjax.json?
2017-04-27 23:26:42 Process13936:14212 Post 200 https://www.lagou.com/jobs/positionAjax.json?
2017-04-27 23:26:43 Process13936:14212 Process start
2017-04-27 23:29:05 Process3640:324 Main start
2017-04-27 23:29:05 Process3640:324 Post https://www.lagou.com/jobs/positionAjax.json?
2017-04-27 23:29:05 Process3640:324 Post 200 https://www.lagou.com/jobs/positionAjax.json?
2017-04-27 23:29:06 Process3640:324 Post https://www.lagou.com/jobs/positionAjax.json?
2017-04-27 23:29:06 Process3640:324 Post 200 https://www.lagou.com/jobs/positionAjax.json?
2017-04-27 23:29:07 Process3640:324 Post https://www.lagou.com/jobs/positionAjax.json?
2017-04-27 23:29:07 Process3640:324 Post 200 https://www.lagou.com/jobs/positionAjax.json?
2017-04-27 23:29:07 Process3640:324 Process start
2017-04-27 23:30:14 Process3092:10388 Main start
2017-04-27 23:30:14 Process3092:10388 Post https://www.lagou.com/jobs/positionAjax.json?
2017-04-27 23:30:15 Process3092:10388 Post 200 https://www.lagou.com/jobs/positionAjax.json?
2017-04-27 23:30:15 Process3092:10388 Post https://www.lagou.com/jobs/positionAjax.json?
2017-04-27 23:30:16 Process3092:10388 Post 200 https://www.lagou.com/jobs/positionAjax.json?
2017-04-27 23:30:16 Process3092:10388 Post https://www.lagou.com/jobs/positionAjax.json?
2017-04-27 23:30:16 Process3092:10388 Post 200 https://www.lagou.com/jobs/positionAjax.json?
2017-04-27 23:30:17 Process3092:10388 Process start
2017-04-27 23:31:18 Process13920:3628 Main start
2017-04-27 23:31:18 Process13920:3628 Post https://www.lagou.com/jobs/positionAjax.json?
2017-04-27 23:31:19 Process13920:3628 Post 200 https://www.lagou.com/jobs/positionAjax.json?
2017-04-27 23:31:19 Process13920:3628 Post https://www.lagou.com/jobs/positionAjax.json?
2017-04-27 23:31:19 Process13920:3628 Post 200 https://www.lagou.com/jobs/positionAjax.json?
2017-04-27 23:31:20 Process13920:3628 Post https://www.lagou.com/jobs/positionAjax.json?
2017-04-27 23:31:20 Process13920:3628 Post 200 https://www.lagou.com/jobs/positionAjax.json?
2017-04-27 23:31:20 Process13920:3628 Process start
2017-04-27 23:32:11 Process7296:11424 Main start
2017-04-27 23:32:11 Process7296:11424 Post https://www.lagou.com/jobs/positionAjax.json?
2017-04-27 23:32:11 Process7296:11424 Post 200 https://www.lagou.com/jobs/positionAjax.json?
2017-04-27 23:32:11 Process7296:11424 Post https://www.lagou.com/jobs/positionAjax.json?
2017-04-27 23:32:12 Process7296:11424 Post 200 https://www.lagou.com/jobs/positionAjax.json?
2017-04-27 23:32:12 Process7296:11424 Post https://www.lagou.com/jobs/positionAjax.json?
2017-04-27 23:32:12 Process7296:11424 Post 200 https://www.lagou.com/jobs/positionAjax.json?
2017-04-27 23:32:13 Process7296:11424 Process start
2017-04-27 23:32:56 Process10844:5696 Main start
2017-04-27 23:32:56 Process10844:5696 Post https://www.lagou.com/jobs/positionAjax.json?
2017-04-27 23:32:57 Process10844:5696 Post 200 https://www.lagou.com/jobs/positionAjax.json?
2017-04-27 23:32:57 Process10844:5696 Post https://www.lagou.com/jobs/positionAjax.json?
2017-04-27 23:32:58 Process10844:5696 Post 200 https://www.lagou.com/jobs/positionAjax.json?
2017-04-27 23:32:58 Process10844:5696 Post https://www.lagou.com/jobs/positionAjax.json?
2017-04-27 23:32:58 Process10844:5696 Post 200 https://www.lagou.com/jobs/positionAjax.json?
2017-04-27 23:32:59 Process10844:5696 Process start
2017-04-27 23:34:36 Process5292:12364 Main start
2017-04-27 23:34:36 Process5292:12364 Post https://www.lagou.com/jobs/positionAjax.json?
2017-04-27 23:34:36 Process5292:12364 Post 200 https://www.lagou.com/jobs/positionAjax.json?
2017-04-27 23:34:37 Process5292:12364 Post https://www.lagou.com/jobs/positionAjax.json?
2017-04-27 23:34:37 Process5292:12364 Post 200 https://www.lagou.com/jobs/positionAjax.json?
2017-04-27 23:34:38 Process5292:12364 Post https://www.lagou.com/jobs/positionAjax.json?
2017-04-27 23:34:38 Process5292:12364 Post 200 https://www.lagou.com/jobs/positionAjax.json?
2017-04-27 23:34:39 Process5292:12364 Process start
2017-04-27 23:35:03 Process13940:14092 Main start
2017-04-27 23:35:03 Process13940:14092 Post https://www.lagou.com/jobs/positionAjax.json?
2017-04-27 23:35:04 Process13940:14092 Post 200 https://www.lagou.com/jobs/positionAjax.json?
2017-04-27 23:35:04 Process13940:14092 Post https://www.lagou.com/jobs/positionAjax.json?
2017-04-27 23:35:05 Process13940:14092 Post 200 https://www.lagou.com/jobs/positionAjax.json?
2017-04-27 23:35:05 Process13940:14092 Post https://www.lagou.com/jobs/positionAjax.json?
2017-04-27 23:35:05 Process13940:14092 Post 200 https://www.lagou.com/jobs/positionAjax.json?
2017-04-27 23:35:06 Process13940:14092 Process start
2017-04-27 23:36:28 Process14012:2744 Main start
2017-04-27 23:36:28 Process14012:2744 Post https://www.lagou.com/jobs/positionAjax.json?
2017-04-27 23:36:28 Process14012:2744 Post 200 https://www.lagou.com/jobs/positionAjax.json?
2017-04-27 23:36:29 Process14012:2744 Post https://www.lagou.com/jobs/positionAjax.json?
2017-04-27 23:36:29 Process14012:2744 Post 200 https://www.lagou.com/jobs/positionAjax.json?
2017-04-27 23:36:29 Process14012:2744 Post https://www.lagou.com/jobs/positionAjax.json?
2017-04-27 23:36:30 Process14012:2744 Post 200 https://www.lagou.com/jobs/positionAjax.json?
2017-04-27 23:36:30 Process14012:2744 Process start
2017-04-27 23:36:30 Process14012:2744 Process except
2017-04-27 23:39:45 Process6544:6172 Main start
2017-04-27 23:39:45 Process6544:6172 Post https://www.lagou.com/jobs/positionAjax.json?
2017-04-27 23:39:45 Process6544:6172 Post 200 https://www.lagou.com/jobs/positionAjax.json?
2017-04-27 23:39:46 Process6544:6172 Post https://www.lagou.com/jobs/positionAjax.json?
2017-04-27 23:39:47 Process6544:6172 Post 200 https://www.lagou.com/jobs/positionAjax.json?
2017-04-27 23:39:47 Process6544:6172 Post https://www.lagou.com/jobs/positionAjax.json?
2017-04-27 23:39:47 Process6544:6172 Post 200 https://www.lagou.com/jobs/positionAjax.json?
2017-04-27 23:39:48 Process6544:6172 Process start
2017-04-27 23:39:49 Process6544:6172 Process except
2017-04-27 23:40:28 Process11584:6724 Main start
2017-04-27 23:40:28 Process11584:6724 Post https://www.lagou.com/jobs/positionAjax.json?
2017-04-27 23:40:29 Process11584:6724 Post 200 https://www.lagou.com/jobs/positionAjax.json?
2017-04-27 23:40:29 Process11584:6724 Post https://www.lagou.com/jobs/positionAjax.json?
2017-04-27 23:40:30 Process11584:6724 Post 200 https://www.lagou.com/jobs/positionAjax.json?
2017-04-27 23:40:30 Process11584:6724 Post https://www.lagou.com/jobs/positionAjax.json?
2017-04-27 23:40:30 Process11584:6724 Post 200 https://www.lagou.com/jobs/positionAjax.json?
2017-04-27 23:40:31 Process11584:6724 Process start
2017-04-27 23:41:44 Process11584:6724 Main start
2017-04-27 23:41:44 Process11584:6724 Post https://www.lagou.com/jobs/positionAjax.json?
2017-04-27 23:41:45 Process11584:6724 Post 200 https://www.lagou.com/jobs/positionAjax.json?
2017-04-27 23:41:45 Process11584:6724 Post https://www.lagou.com/jobs/positionAjax.json?
2017-04-27 23:41:45 Process11584:6724 Post 200 https://www.lagou.com/jobs/positionAjax.json?
2017-04-27 23:41:46 Process11584:6724 Post https://www.lagou.com/jobs/positionAjax.json?
2017-04-27 23:41:46 Process11584:6724 Post 200 https://www.lagou.com/jobs/positionAjax.json?
2017-04-27 23:41:46 Process11584:6724 Process start
2017-04-27 23:42:22 Process12592:9856 Main start
2017-04-27 23:42:22 Process12592:9856 Post https://www.lagou.com/jobs/positionAjax.json?
2017-04-27 23:42:22 Process12592:9856 Post 200 https://www.lagou.com/jobs/positionAjax.json?
2017-04-27 23:42:23 Process12592:9856 Post https://www.lagou.com/jobs/positionAjax.json?
2017-04-27 23:42:23 Process12592:9856 Post 200 https://www.lagou.com/jobs/positionAjax.json?
2017-04-27 23:42:23 Process12592:9856 Post https://www.lagou.com/jobs/positionAjax.json?
2017-04-27 23:42:24 Process12592:9856 Post 200 https://www.lagou.com/jobs/positionAjax.json?
2017-04-27 23:42:24 Process12592:9856 Process start
2017-04-27 23:42:24 Process12592:9856 Process except
2017-04-27 23:43:59 Process7852:13728 Main start
2017-04-27 23:43:59 Process7852:13728 Post https://www.lagou.com/jobs/positionAjax.json?
2017-04-27 23:43:59 Process7852:13728 Post 200 https://www.lagou.com/jobs/positionAjax.json?
2017-04-27 23:43:59 Process7852:13728 Post https://www.lagou.com/jobs/positionAjax.json?
2017-04-27 23:44:00 Process7852:13728 Post 200 https://www.lagou.com/jobs/positionAjax.json?
2017-04-27 23:44:00 Process7852:13728 Post https://www.lagou.com/jobs/positionAjax.json?
2017-04-27 23:44:00 Process7852:13728 Post 200 https://www.lagou.com/jobs/positionAjax.json?
2017-04-27 23:44:01 Process7852:13728 Process start
2017-04-27 23:44:01 Process7852:13728 Process except
2017-04-27 23:54:07 Process3856:5576 Main start
2017-04-27 23:54:07 Process3856:5576 Post https://www.lagou.com/jobs/positionAjax.json?
2017-04-27 23:54:07 Process3856:5576 Post 200 https://www.lagou.com/jobs/positionAjax.json?
2017-04-27 23:54:08 Process3856:5576 Post https://www.lagou.com/jobs/positionAjax.json?
2017-04-27 23:54:08 Process3856:5576 Post 200 https://www.lagou.com/jobs/positionAjax.json?
2017-04-27 23:54:08 Process3856:5576 Post https://www.lagou.com/jobs/positionAjax.json?
2017-04-27 23:54:09 Process3856:5576 Post 200 https://www.lagou.com/jobs/positionAjax.json?
2017-04-27 23:54:09 Process3856:5576 Process start
2017-04-27 23:55:24 Process10204:10808 Main start
2017-04-27 23:55:24 Process10204:10808 Post https://www.lagou.com/jobs/positionAjax.json?
2017-04-27 23:55:24 Process10204:10808 Post 200 https://www.lagou.com/jobs/positionAjax.json?
2017-04-27 23:55:25 Process10204:10808 Post https://www.lagou.com/jobs/positionAjax.json?
2017-04-27 23:55:25 Process10204:10808 Post 200 https://www.lagou.com/jobs/positionAjax.json?
2017-04-27 23:55:25 Process10204:10808 Post https://www.lagou.com/jobs/positionAjax.json?
2017-04-27 23:55:26 Process10204:10808 Post 200 https://www.lagou.com/jobs/positionAjax.json?
2017-04-27 23:55:26 Process10204:10808 Process start
2017-04-27 23:55:26 Process10204:10808 Process except
2017-04-27 23:56:00 Process1876:12536 Main start
2017-04-27 23:56:00 Process1876:12536 Post https://www.lagou.com/jobs/positionAjax.json?
2017-04-27 23:56:01 Process1876:12536 Post 200 https://www.lagou.com/jobs/positionAjax.json?
2017-04-27 23:56:01 Process1876:12536 Post https://www.lagou.com/jobs/positionAjax.json?
2017-04-27 23:56:01 Process1876:12536 Post 200 https://www.lagou.com/jobs/positionAjax.json?
2017-04-27 23:56:02 Process1876:12536 Post https://www.lagou.com/jobs/positionAjax.json?
2017-04-27 23:56:02 Process1876:12536 Post 200 https://www.lagou.com/jobs/positionAjax.json?
2017-04-27 23:56:02 Process1876:12536 Process start
2017-04-27 23:56:03 Process1876:12536 Process except
2017-04-28 00:00:30 Process11068:12576 Main start
2017-04-28 00:00:30 Process11068:12576 Post https://www.lagou.com/jobs/positionAjax.json?
2017-04-28 00:00:30 Process11068:12576 Post 200 https://www.lagou.com/jobs/positionAjax.json?
2017-04-28 00:00:31 Process11068:12576 Post https://www.lagou.com/jobs/positionAjax.json?
2017-04-28 00:00:31 Process11068:12576 Post 200 https://www.lagou.com/jobs/positionAjax.json?
2017-04-28 00:00:32 Process11068:12576 Post https://www.lagou.com/jobs/positionAjax.json?
2017-04-28 00:00:32 Process11068:12576 Post 200 https://www.lagou.com/jobs/positionAjax.json?
2017-04-28 00:00:33 Process11068:12576 Process start
2017-04-28 00:00:33 Process11068:12576 Process except
2017-04-28 00:00:33 Process11068:12576 Main start
2017-04-28 00:00:33 Process11068:12576 Post https://www.lagou.com/jobs/positionAjax.json?
2017-04-28 00:00:33 Process11068:12576 Post 200 https://www.lagou.com/jobs/positionAjax.json?
2017-04-28 00:00:34 Process11068:12576 Post https://www.lagou.com/jobs/positionAjax.json?
2017-04-28 00:00:34 Process11068:12576 Post 200 https://www.lagou.com/jobs/positionAjax.json?
2017-04-28 00:00:34 Process11068:12576 Post https://www.lagou.com/jobs/positionAjax.json?
2017-04-28 00:00:35 Process11068:12576 Post 200 https://www.lagou.com/jobs/positionAjax.json?
2017-04-28 00:00:35 Process11068:12576 Process start
2017-04-28 00:00:35 Process11068:12576 Process except
2017-04-28 00:01:34 Process1996:13144 Main start
2017-04-28 00:01:34 Process1996:13144 Post https://www.lagou.com/jobs/positionAjax.json?
2017-04-28 00:01:34 Process1996:13144 Post 200 https://www.lagou.com/jobs/positionAjax.json?
2017-04-28 00:01:35 Process1996:13144 Post https://www.lagou.com/jobs/positionAjax.json?
2017-04-28 00:01:35 Process1996:13144 Post 200 https://www.lagou.com/jobs/positionAjax.json?
2017-04-28 00:01:35 Process1996:13144 Post https://www.lagou.com/jobs/positionAjax.json?
2017-04-28 00:01:36 Process1996:13144 Post 200 https://www.lagou.com/jobs/positionAjax.json?
2017-04-28 00:01:36 Process1996:13144 Process start
2017-04-28 00:01:36 Process1996:13144 Process except
2017-04-28 00:06:42 Process13624:1328 Main start
2017-04-28 00:06:42 Process13624:1328 Post https://www.lagou.com/jobs/positionAjax.json?
2017-04-28 00:06:43 Process13624:1328 Post 200 https://www.lagou.com/jobs/positionAjax.json?
2017-04-28 00:06:44 Process13624:1328 Post https://www.lagou.com/jobs/positionAjax.json?
2017-04-28 00:06:44 Process13624:1328 Post 200 https://www.lagou.com/jobs/positionAjax.json?
2017-04-28 00:06:45 Process13624:1328 Post https://www.lagou.com/jobs/positionAjax.json?
2017-04-28 00:06:45 Process13624:1328 Post 200 https://www.lagou.com/jobs/positionAjax.json?
2017-04-28 00:06:45 Process13624:1328 Process start
2017-04-28 00:06:46 Process13624:1328 Process except
2017-04-28 00:06:46 Process13624:1328 Main start
2017-04-28 00:06:46 Process13624:1328 Post https://www.lagou.com/jobs/positionAjax.json?
2017-04-28 00:06:46 Process13624:1328 Post 200 https://www.lagou.com/jobs/positionAjax.json?
2017-04-28 00:06:46 Process13624:1328 Post https://www.lagou.com/jobs/positionAjax.json?
2017-04-28 00:06:47 Process13624:1328 Post 200 https://www.lagou.com/jobs/positionAjax.json?
2017-04-28 00:06:47 Process13624:1328 Post https://www.lagou.com/jobs/positionAjax.json?
2017-04-28 00:06:47 Process13624:1328 Post 200 https://www.lagou.com/jobs/positionAjax.json?
2017-04-28 00:06:48 Process13624:1328 Process start
2017-04-28 00:06:48 Process13624:1328 Process except
2017-04-28 00:09:37 Process9892:13756 Main start
2017-04-28 00:09:37 Process9892:13756 Post https://www.lagou.com/jobs/positionAjax.json?
2017-04-28 00:09:37 Process9892:13756 Post 200 https://www.lagou.com/jobs/positionAjax.json?
2017-04-28 00:09:38 Process9892:13756 Post https://www.lagou.com/jobs/positionAjax.json?
2017-04-28 00:09:38 Process9892:13756 Post 200 https://www.lagou.com/jobs/positionAjax.json?
2017-04-28 00:09:38 Process9892:13756 Post https://www.lagou.com/jobs/positionAjax.json?
2017-04-28 00:09:39 Process9892:13756 Post 200 https://www.lagou.com/jobs/positionAjax.json?
2017-04-28 00:09:39 Process9892:13756 Process start
2017-04-28 00:09:40 Process9892:13756 Process except
2017-04-28 00:10:17 Process4084:7024 Main start
2017-04-28 00:10:17 Process4084:7024 Post https://www.lagou.com/jobs/positionAjax.json?
2017-04-28 00:10:17 Process4084:7024 Post 200 https://www.lagou.com/jobs/positionAjax.json?
2017-04-28 00:10:18 Process4084:7024 Post https://www.lagou.com/jobs/positionAjax.json?
2017-04-28 00:10:18 Process4084:7024 Post 200 https://www.lagou.com/jobs/positionAjax.json?
2017-04-28 00:10:18 Process4084:7024 Post https://www.lagou.com/jobs/positionAjax.json?
2017-04-28 00:10:19 Process4084:7024 Post 200 https://www.lagou.com/jobs/positionAjax.json?
2017-04-28 00:10:19 Process4084:7024 Process start
2017-04-28 00:10:19 Process4084:7024 Process except
2017-04-28 00:14:42 Process4084:7024 Main start
2017-04-28 00:14:42 Process4084:7024 Post https://www.lagou.com/jobs/positionAjax.json?
2017-04-28 00:14:42 Process4084:7024 Post 200 https://www.lagou.com/jobs/positionAjax.json?
2017-04-28 00:14:43 Process4084:7024 Post https://www.lagou.com/jobs/positionAjax.json?
2017-04-28 00:14:43 Process4084:7024 Post 200 https://www.lagou.com/jobs/positionAjax.json?
2017-04-28 00:14:44 Process4084:7024 Post https://www.lagou.com/jobs/positionAjax.json?
2017-04-28 00:14:44 Process4084:7024 Post 200 https://www.lagou.com/jobs/positionAjax.json?
2017-04-28 00:14:45 Process4084:7024 Process start
2017-04-28 00:14:45 Process4084:7024 Process except
2017-04-28 00:15:17 Process11800:3104 Main start
2017-04-28 00:15:17 Process11800:3104 Post https://www.lagou.com/jobs/positionAjax.json?
2017-04-28 00:15:17 Process11800:3104 Post 200 https://www.lagou.com/jobs/positionAjax.json?
2017-04-28 00:15:18 Process11800:3104 Post https://www.lagou.com/jobs/positionAjax.json?
2017-04-28 00:15:18 Process11800:3104 Post 200 https://www.lagou.com/jobs/positionAjax.json?
2017-04-28 00:15:18 Process11800:3104 Post https://www.lagou.com/jobs/positionAjax.json?
2017-04-28 00:15:19 Process11800:3104 Post 200 https://www.lagou.com/jobs/positionAjax.json?
2017-04-28 00:15:19 Process11800:3104 Process start
2017-04-28 00:15:20 Process11800:3104 Process except
2017-04-28 00:21:14 Process7896:6472 Main start
2017-04-28 00:21:14 Process7896:6472 Post https://www.lagou.com/jobs/positionAjax.json?
2017-04-28 00:21:14 Process7896:6472 Post 200 https://www.lagou.com/jobs/positionAjax.json?
2017-04-28 00:21:16 Process7896:6472 Post https://www.lagou.com/jobs/positionAjax.json?
2017-04-28 00:21:16 Process7896:6472 Post 200 https://www.lagou.com/jobs/positionAjax.json?
2017-04-28 00:21:17 Process7896:6472 Post https://www.lagou.com/jobs/positionAjax.json?
2017-04-28 00:21:17 Process7896:6472 Post 200 https://www.lagou.com/jobs/positionAjax.json?
2017-04-28 00:21:18 Process7896:6472 Process start
2017-04-28 00:21:18 Process7896:6472 Process except
2017-04-28 00:22:58 Process748:12124 Main start
2017-04-28 00:22:58 Process748:12124 Post https://www.lagou.com/jobs/positionAjax.json?
2017-04-28 00:22:58 Process748:12124 Post 200 https://www.lagou.com/jobs/positionAjax.json?
2017-04-28 00:22:59 Process748:12124 Post https://www.lagou.com/jobs/positionAjax.json?
2017-04-28 00:22:59 Process748:12124 Post 200 https://www.lagou.com/jobs/positionAjax.json?
2017-04-28 00:22:59 Process748:12124 Post https://www.lagou.com/jobs/positionAjax.json?
2017-04-28 00:23:00 Process748:12124 Post 200 https://www.lagou.com/jobs/positionAjax.json?
2017-04-28 00:23:00 Process748:12124 Process start
2017-04-28 00:23:00 Process748:12124 Process except
2017-04-28 00:23:42 Process8352:13000 Main start
2017-04-28 00:23:42 Process8352:13000 Post https://www.lagou.com/jobs/positionAjax.json?
2017-04-28 00:23:42 Process8352:13000 Post 200 https://www.lagou.com/jobs/positionAjax.json?
2017-04-28 00:23:43 Process8352:13000 Post https://www.lagou.com/jobs/positionAjax.json?
2017-04-28 00:23:43 Process8352:13000 Post 200 https://www.lagou.com/jobs/positionAjax.json?
2017-04-28 00:23:44 Process8352:13000 Post https://www.lagou.com/jobs/positionAjax.json?
2017-04-28 00:23:44 Process8352:13000 Post 200 https://www.lagou.com/jobs/positionAjax.json?
2017-04-28 00:23:44 Process8352:13000 Process start
2017-04-28 00:23:44 Process8352:13000 Process except
2017-04-28 00:24:30 Process13824:11932 Main start
2017-04-28 00:24:30 Process13824:11932 Post https://www.lagou.com/jobs/positionAjax.json?
2017-04-28 00:24:31 Process13824:11932 Post 200 https://www.lagou.com/jobs/positionAjax.json?
2017-04-28 00:24:31 Process13824:11932 Post https://www.lagou.com/jobs/positionAjax.json?
2017-04-28 00:24:31 Process13824:11932 Post 200 https://www.lagou.com/jobs/positionAjax.json?
2017-04-28 00:24:32 Process13824:11932 Post https://www.lagou.com/jobs/positionAjax.json?
2017-04-28 00:24:32 Process13824:11932 Post 200 https://www.lagou.com/jobs/positionAjax.json?
2017-04-28 00:24:33 Process13824:11932 Process start
2017-04-28 00:24:33 Process13824:11932 Process except
2017-04-28 00:25:10 Process10544:6920 Main start
2017-04-28 00:25:10 Process10544:6920 Post https://www.lagou.com/jobs/positionAjax.json?
2017-04-28 00:25:10 Process10544:6920 Post 200 https://www.lagou.com/jobs/positionAjax.json?
2017-04-28 00:25:11 Process10544:6920 Post https://www.lagou.com/jobs/positionAjax.json?
2017-04-28 00:25:11 Process10544:6920 Post 200 https://www.lagou.com/jobs/positionAjax.json?
2017-04-28 00:25:11 Process10544:6920 Post https://www.lagou.com/jobs/positionAjax.json?
2017-04-28 00:25:12 Process10544:6920 Post 200 https://www.lagou.com/jobs/positionAjax.json?
2017-04-28 00:25:12 Process10544:6920 Process start
2017-04-28 00:25:12 Process10544:6920 Process except
2017-04-28 00:26:30 Process10788:9020 Main start
2017-04-28 00:26:30 Process10788:9020 Post https://www.lagou.com/jobs/positionAjax.json?
2017-04-28 00:26:31 Process10788:9020 Post 200 https://www.lagou.com/jobs/positionAjax.json?
2017-04-28 00:26:31 Process10788:9020 Post https://www.lagou.com/jobs/positionAjax.json?
2017-04-28 00:26:32 Process10788:9020 Post 200 https://www.lagou.com/jobs/positionAjax.json?
2017-04-28 00:26:32 Process10788:9020 Post https://www.lagou.com/jobs/positionAjax.json?
2017-04-28 00:26:32 Process10788:9020 Post 200 https://www.lagou.com/jobs/positionAjax.json?
2017-04-28 00:26:33 Process10788:9020 Process start
2017-04-28 00:26:33 Process10788:9020 Process except
2017-04-28 00:43:35 Process10788:9020 Main start
2017-04-28 00:43:35 Process10788:9020 Post https://www.lagou.com/jobs/positionAjax.json?
2017-04-28 00:43:36 Process10788:9020 Post 200 https://www.lagou.com/jobs/positionAjax.json?
2017-04-28 00:43:36 Process10788:9020 Post https://www.lagou.com/jobs/positionAjax.json?
2017-04-28 00:43:36 Process10788:9020 Post 200 https://www.lagou.com/jobs/positionAjax.json?
2017-04-28 00:43:36 Process10788:9020 Post https://www.lagou.com/jobs/positionAjax.json?
2017-04-28 00:43:37 Process10788:9020 Post 200 https://www.lagou.com/jobs/positionAjax.json?
2017-04-28 00:43:37 Process10788:9020 Process start
2017-04-28 00:43:37 Process10788:9020 Process except
2017-04-28 00:43:37 Process10788:9020 Main start
2017-04-28 00:43:37 Process10788:9020 Post https://www.lagou.com/jobs/positionAjax.json?
2017-04-28 00:43:38 Process10788:9020 Post 200 https://www.lagou.com/jobs/positionAjax.json?
2017-04-28 00:43:38 Process10788:9020 Post https://www.lagou.com/jobs/positionAjax.json?
2017-04-28 00:43:39 Process10788:9020 Post 200 https://www.lagou.com/jobs/positionAjax.json?
2017-04-28 00:43:39 Process10788:9020 Post https://www.lagou.com/jobs/positionAjax.json?
2017-04-28 00:43:39 Process10788:9020 Post 200 https://www.lagou.com/jobs/positionAjax.json?
2017-04-28 00:43:40 Process10788:9020 Process start
2017-04-28 00:43:40 Process10788:9020 Process except
2017-04-28 00:50:29 Process10772:10620 Main start
2017-04-28 00:50:29 Process10772:10620 Post https://www.lagou.com/jobs/positionAjax.json?
2017-04-28 00:50:29 Process10772:10620 Post 200 https://www.lagou.com/jobs/positionAjax.json?
2017-04-28 00:50:30 Process10772:10620 Post https://www.lagou.com/jobs/positionAjax.json?
2017-04-28 00:50:30 Process10772:10620 Post 200 https://www.lagou.com/jobs/positionAjax.json?
2017-04-28 00:50:30 Process10772:10620 Post https://www.lagou.com/jobs/positionAjax.json?
2017-04-28 00:50:31 Process10772:10620 Post 200 https://www.lagou.com/jobs/positionAjax.json?
2017-04-28 00:50:31 Process10772:10620 Process start
2017-04-28 00:50:31 Process10772:10620 Process except
2017-04-28 00:51:28 Process3284:10944 Main start
2017-04-28 00:51:28 Process3284:10944 Post https://www.lagou.com/jobs/positionAjax.json?
2017-04-28 00:51:28 Process3284:10944 Post 200 https://www.lagou.com/jobs/positionAjax.json?
2017-04-28 00:51:28 Process3284:10944 Post https://www.lagou.com/jobs/positionAjax.json?
2017-04-28 00:51:29 Process3284:10944 Post 200 https://www.lagou.com/jobs/positionAjax.json?
2017-04-28 00:51:29 Process3284:10944 Post https://www.lagou.com/jobs/positionAjax.json?
2017-04-28 00:51:29 Process3284:10944 Post 200 https://www.lagou.com/jobs/positionAjax.json?
2017-04-28 00:51:30 Process3284:10944 Process start
2017-04-28 00:51:30 Process3284:10944 Process except
2017-04-28 00:57:18 Process4968:5440 Main start
2017-04-28 00:57:18 Process4968:5440 Post https://www.lagou.com/jobs/positionAjax.json?
2017-04-28 00:57:18 Process4968:5440 Post 200 https://www.lagou.com/jobs/positionAjax.json?
2017-04-28 00:57:18 Process4968:5440 Post https://www.lagou.com/jobs/positionAjax.json?
2017-04-28 00:57:19 Process4968:5440 Post 200 https://www.lagou.com/jobs/positionAjax.json?
2017-04-28 00:57:19 Process4968:5440 Post https://www.lagou.com/jobs/positionAjax.json?
2017-04-28 00:57:19 Process4968:5440 Post 200 https://www.lagou.com/jobs/positionAjax.json?
2017-04-28 00:57:20 Process4968:5440 Process start
2017-04-28 00:57:20 Process4968:5440 Process except
2017-04-28 01:59:18 Process11972:13376 Building prefix dict from the default dictionary ...
2017-04-28 01:59:21 Process11972:13376 Dumping model to file cache C:\Users\xsh\AppData\Local\Temp\jieba.cache
2017-04-28 01:59:21 Process11972:13376 Loading model cost 3.233 seconds.
2017-04-28 01:59:21 Process11972:13376 Prefix dict has been built succesfully.
2017-04-28 01:59:54 Process9672:680 Building prefix dict from the default dictionary ...
2017-04-28 01:59:54 Process9672:680 Loading model from cache C:\Users\xsh\AppData\Local\Temp\jieba.cache
2017-04-28 01:59:56 Process9672:680 Loading model cost 1.781 seconds.
2017-04-28 01:59:56 Process9672:680 Prefix dict has been built succesfully.
2017-04-28 02:00:47 Process1128:13672 Building prefix dict from the default dictionary ...
2017-04-28 02:00:47 Process1128:13672 Loading model from cache C:\Users\xsh\AppData\Local\Temp\jieba.cache
2017-04-28 02:00:49 Process1128:13672 Loading model cost 1.743 seconds.
2017-04-28 02:00:49 Process1128:13672 Prefix dict has been built succesfully.
2017-04-28 02:02:09 Process9852:1064 Building prefix dict from the default dictionary ...
2017-04-28 02:02:09 Process9852:1064 Loading model from cache C:\Users\xsh\AppData\Local\Temp\jieba.cache
2017-04-28 02:02:11 Process9852:1064 Loading model cost 2.233 seconds.
2017-04-28 02:02:11 Process9852:1064 Prefix dict has been built succesfully.
2017-04-28 02:07:43 Process11432:4440 Building prefix dict from the default dictionary ...
2017-04-28 02:07:43 Process11432:4440 Loading model from cache C:\Users\xsh\AppData\Local\Temp\jieba.cache
2017-04-28 02:07:45 Process11432:4440 Loading model cost 1.767 seconds.
2017-04-28 02:07:45 Process11432:4440 Prefix dict has been built succesfully.
2017-04-28 02:10:21 Process6460:344 Building prefix dict from the default dictionary ...
2017-04-28 02:10:21 Process6460:344 Loading model from cache C:\Users\xsh\AppData\Local\Temp\jieba.cache
2017-04-28 02:10:23 Process6460:344 Loading model cost 2.453 seconds.
2017-04-28 02:10:23 Process6460:344 Prefix dict has been built succesfully.
2017-04-28 02:32:42 Process4292:13964 Main start
2017-04-28 02:32:42 Process4292:13964 Post https://www.lagou.com/jobs/positionAjax.json?
2017-04-28 02:32:42 Process4292:13964 Post 200 https://www.lagou.com/jobs/positionAjax.json?
2017-04-28 02:32:43 Process4292:13964 Post https://www.lagou.com/jobs/positionAjax.json?
2017-04-28 02:32:43 Process4292:13964 Post 200 https://www.lagou.com/jobs/positionAjax.json?
2017-04-28 02:32:43 Process4292:13964 Post https://www.lagou.com/jobs/positionAjax.json?
2017-04-28 02:32:44 Process4292:13964 Post 200 https://www.lagou.com/jobs/positionAjax.json?
2017-04-28 02:32:44 Process4292:13964 Process start
2017-04-28 02:32:45 Process4292:13964 Building prefix dict from the default dictionary ...
2017-04-28 02:32:45 Process4292:13964 Loading model from cache C:\Users\xsh\AppData\Local\Temp\jieba.cache
2017-04-28 02:32:46 Process4292:13964 Loading model cost 1.626 seconds.
2017-04-28 02:32:46 Process4292:13964 Prefix dict has been built succesfully.
2017-04-28 02:34:02 Process12864:12684 Building prefix dict from the default dictionary ...
2017-04-28 02:34:02 Process12864:12684 Loading model from cache C:\Users\xsh\AppData\Local\Temp\jieba.cache
2017-04-28 02:34:05 Process12864:12684 Loading model cost 2.492 seconds.
2017-04-28 02:34:05 Process12864:12684 Prefix dict has been built succesfully.
2017-04-28 02:35:04 Process14196:13552 Building prefix dict from the default dictionary ...
2017-04-28 02:35:04 Process14196:13552 Loading model from cache C:\Users\xsh\AppData\Local\Temp\jieba.cache
2017-04-28 02:35:07 Process14196:13552 Loading model cost 2.169 seconds.
2017-04-28 02:35:07 Process14196:13552 Prefix dict has been built succesfully.
2017-04-28 02:35:45 Process11028:9528 Building prefix dict from the default dictionary ...
2017-04-28 02:35:45 Process11028:9528 Loading model from cache C:\Users\xsh\AppData\Local\Temp\jieba.cache
2017-04-28 02:35:47 Process11028:9528 Loading model cost 2.465 seconds.
2017-04-28 02:35:47 Process11028:9528 Prefix dict has been built succesfully.
2017-04-28 14:33:00 Process1764:1816 Main start
2017-04-28 14:33:00 Process1764:1816 Post https://www.lagou.com/jobs/positionAjax.json?
2017-04-28 14:33:00 Process1764:1816 Post 200 https://www.lagou.com/jobs/positionAjax.json?
2017-04-28 14:33:00 Process1764:1816 Post https://www.lagou.com/jobs/positionAjax.json?
2017-04-28 14:33:01 Process1764:1816 Post 200 https://www.lagou.com/jobs/positionAjax.json?
2017-04-28 14:33:01 Process1764:1816 Post https://www.lagou.com/jobs/positionAjax.json?
2017-04-28 14:33:01 Process1764:1816 Post 200 https://www.lagou.com/jobs/positionAjax.json?
2017-04-28 14:33:02 Process1764:1816 Process start
2017-04-28 14:33:02 Process1764:1816 Building prefix dict from the default dictionary ...
2017-04-28 14:33:02 Process1764:1816 Loading model from cache C:\Users\xsh\AppData\Local\Temp\jieba.cache
2017-04-28 14:33:05 Process1764:1816 Loading model cost 2.581 seconds.
2017-04-28 14:33:05 Process1764:1816 Prefix dict has been built succesfully.
2017-04-28 15:56:35 Process3772:9404 Building prefix dict from the default dictionary ...
2017-04-28 15:56:35 Process3772:9404 Loading model from cache C:\Users\xsh\AppData\Local\Temp\jieba.cache
2017-04-28 15:56:37 Process3772:9404 Loading model cost 1.974 seconds.
2017-04-28 15:56:37 Process3772:9404 Prefix dict has been built succesfully.
2017-04-28 16:00:19 Process13056:11644 Building prefix dict from the default dictionary ...
2017-04-28 16:00:19 Process13056:11644 Loading model from cache C:\Users\xsh\AppData\Local\Temp\jieba.cache
2017-04-28 16:00:21 Process13056:11644 Loading model cost 1.920 seconds.
2017-04-28 16:00:21 Process13056:11644 Prefix dict has been built succesfully.
2017-04-28 16:00:48 Process7820:5068 Building prefix dict from the default dictionary ...
2017-04-28 16:00:48 Process7820:5068 Loading model from cache C:\Users\xsh\AppData\Local\Temp\jieba.cache
2017-04-28 16:00:51 Process7820:5068 Loading model cost 2.607 seconds.
2017-04-28 16:00:51 Process7820:5068 Prefix dict has been built succesfully.
2017-04-28 16:04:23 Process7316:7104 Building prefix dict from the default dictionary ...
2017-04-28 16:04:23 Process7316:7104 Loading model from cache C:\Users\xsh\AppData\Local\Temp\jieba.cache
2017-04-28 16:04:25 Process7316:7104 Loading model cost 1.897 seconds.
2017-04-28 16:04:25 Process7316:7104 Prefix dict has been built succesfully.
2017-04-28 16:05:36 Process9444:12528 Building prefix dict from the default dictionary ...
2017-04-28 16:05:36 Process9444:12528 Loading model from cache C:\Users\xsh\AppData\Local\Temp\jieba.cache
2017-04-28 16:05:38 Process9444:12528 Loading model cost 1.952 seconds.
2017-04-28 16:05:38 Process9444:12528 Prefix dict has been built succesfully.
2017-04-28 16:07:01 Process6796:9344 Building prefix dict from the default dictionary ...
2017-04-28 16:07:01 Process6796:9344 Loading model from cache C:\Users\xsh\AppData\Local\Temp\jieba.cache
2017-04-28 16:07:05 Process6796:9344 Loading model cost 4.196 seconds.
2017-04-28 16:07:05 Process6796:9344 Prefix dict has been built succesfully.
2017-04-28 16:08:28 Process2208:8056 Building prefix dict from the default dictionary ...
2017-04-28 16:08:28 Process2208:8056 Loading model from cache C:\Users\xsh\AppData\Local\Temp\jieba.cache
2017-04-28 16:08:30 Process2208:8056 Loading model cost 1.833 seconds.
2017-04-28 16:08:30 Process2208:8056 Prefix dict has been built succesfully.
2017-04-28 16:10:43 Process7360:9136 Building prefix dict from the default dictionary ...
2017-04-28 16:10:43 Process7360:9136 Loading model from cache C:\Users\xsh\AppData\Local\Temp\jieba.cache
2017-04-28 16:10:44 Process7360:9136 Loading model cost 1.838 seconds.
2017-04-28 16:10:44 Process7360:9136 Prefix dict has been built succesfully.
2017-04-28 16:12:28 Process3936:8920 Building prefix dict from the default dictionary ...
2017-04-28 16:12:28 Process3936:8920 Loading model from cache C:\Users\xsh\AppData\Local\Temp\jieba.cache
2017-04-28 16:12:32 Process3936:8920 Loading model cost 4.023 seconds.
2017-04-28 16:12:32 Process3936:8920 Prefix dict has been built succesfully.
2017-04-28 16:13:39 Process8216:9728 Building prefix dict from the default dictionary ...
2017-04-28 16:13:39 Process8216:9728 Loading model from cache C:\Users\xsh\AppData\Local\Temp\jieba.cache
2017-04-28 16:13:42 Process8216:9728 Loading model cost 2.407 seconds.
2017-04-28 16:13:42 Process8216:9728 Prefix dict has been built succesfully.
2017-04-28 16:14:51 Process11576:11624 Building prefix dict from the default dictionary ...
2017-04-28 16:14:51 Process11576:11624 Loading model from cache C:\Users\xsh\AppData\Local\Temp\jieba.cache
2017-04-28 16:14:55 Process11576:11624 Loading model cost 3.805 seconds.
2017-04-28 16:14:55 Process11576:11624 Prefix dict has been built succesfully.
2017-04-28 16:15:45 Process1772:12708 Building prefix dict from the default dictionary ...
2017-04-28 16:15:45 Process1772:12708 Loading model from cache C:\Users\xsh\AppData\Local\Temp\jieba.cache
2017-04-28 16:15:48 Process1772:12708 Loading model cost 2.818 seconds.
2017-04-28 16:15:48 Process1772:12708 Prefix dict has been built succesfully.
2017-04-28 16:16:32 Process7800:10988 Building prefix dict from the default dictionary ...
2017-04-28 16:16:32 Process7800:10988 Loading model from cache C:\Users\xsh\AppData\Local\Temp\jieba.cache
2017-04-28 16:16:37 Process7800:10988 Loading model cost 4.247 seconds.
2017-04-28 16:16:37 Process7800:10988 Prefix dict has been built succesfully.
2017-04-28 16:19:58 Process2180:11080 Building prefix dict from the default dictionary ...
2017-04-28 16:19:58 Process2180:11080 Loading model from cache C:\Users\xsh\AppData\Local\Temp\jieba.cache
2017-04-28 16:20:00 Process2180:11080 Loading model cost 2.422 seconds.
2017-04-28 16:20:00 Process2180:11080 Prefix dict has been built succesfully.
2017-04-28 16:20:34 Process4288:3096 Building prefix dict from the default dictionary ...
2017-04-28 16:20:34 Process4288:3096 Loading model from cache C:\Users\xsh\AppData\Local\Temp\jieba.cache
2017-04-28 16:20:37 Process4288:3096 Loading model cost 2.953 seconds.
2017-04-28 16:20:37 Process4288:3096 Prefix dict has been built succesfully.
2017-04-28 16:21:20 Process9868:3756 Building prefix dict from the default dictionary ...
2017-04-28 16:21:20 Process9868:3756 Loading model from cache C:\Users\xsh\AppData\Local\Temp\jieba.cache
2017-04-28 16:21:23 Process9868:3756 Loading model cost 3.236 seconds.
2017-04-28 16:21:23 Process9868:3756 Prefix dict has been built succesfully.
2017-04-28 16:26:17 Process12756:13260 Building prefix dict from the default dictionary ...
2017-04-28 16:26:17 Process12756:13260 Loading model from cache C:\Users\xsh\AppData\Local\Temp\jieba.cache
2017-04-28 16:26:18 Process12756:13260 Loading model cost 1.402 seconds.
2017-04-28 16:26:18 Process12756:13260 Prefix dict has been built succesfully.
2017-04-28 16:29:11 Process6824:10540 Building prefix dict from the default dictionary ...
2017-04-28 16:29:11 Process6824:10540 Loading model from cache C:\Users\xsh\AppData\Local\Temp\jieba.cache
2017-04-28 16:29:12 Process6824:10540 Loading model cost 1.207 seconds.
2017-04-28 16:29:12 Process6824:10540 Prefix dict has been built succesfully.
2017-04-28 19:08:09 Process1728:5712 Building prefix dict from the default dictionary ...
2017-04-28 19:08:09 Process1728:5712 Loading model from cache C:\Users\xsh\AppData\Local\Temp\jieba.cache
2017-04-28 19:08:11 Process1728:5712 Loading model cost 2.403 seconds.
2017-04-28 19:08:11 Process1728:5712 Prefix dict has been built succesfully.
2017-04-28 20:36:03 Process9708:11456 Main start
2017-04-28 20:36:03 Process9708:11456 Post https://www.lagou.com/jobs/positionAjax.json?
2017-04-28 20:36:03 Process9708:11456 Post 200 https://www.lagou.com/jobs/positionAjax.json?
2017-04-28 20:36:04 Process9708:11456 Post https://www.lagou.com/jobs/positionAjax.json?
2017-04-28 20:36:04 Process9708:11456 Post 200 https://www.lagou.com/jobs/positionAjax.json?
2017-04-28 20:36:04 Process9708:11456 Post https://www.lagou.com/jobs/positionAjax.json?
2017-04-28 20:36:05 Process9708:11456 Post 200 https://www.lagou.com/jobs/positionAjax.json?
2017-04-28 20:36:05 Process9708:11456 Process start
2017-04-28 20:36:05 Process9708:11456 Building prefix dict from the default dictionary ...
2017-04-28 20:36:05 Process9708:11456 Loading model from cache C:\Users\xsh\AppData\Local\Temp\jieba.cache
2017-04-28 20:36:08 Process9708:11456 Loading model cost 2.207 seconds.
2017-04-28 20:36:08 Process9708:11456 Prefix dict has been built succesfully.
2017-04-28 20:36:08 Process9708:11456 Main start
2017-04-28 20:36:08 Process9708:11456 Post https://www.lagou.com/jobs/positionAjax.json?
2017-04-28 20:36:09 Process9708:11456 Post 200 https://www.lagou.com/jobs/positionAjax.json?
2017-04-28 20:36:09 Process9708:11456 Post https://www.lagou.com/jobs/positionAjax.json?
2017-04-28 20:36:10 Process9708:11456 Post 200 https://www.lagou.com/jobs/positionAjax.json?
2017-04-28 20:36:10 Process9708:11456 Post https://www.lagou.com/jobs/positionAjax.json?
2017-04-28 20:36:10 Process9708:11456 Post 200 https://www.lagou.com/jobs/positionAjax.json?
2017-04-28 20:36:11 Process9708:11456 Process start
2017-04-28 23:33:57 Process6520:9688 Main start
2017-04-28 23:33:57 Process6520:9688 Post https://www.lagou.com/jobs/positionAjax.json?
2017-04-28 23:33:57 Process6520:9688 Post 200 https://www.lagou.com/jobs/positionAjax.json?
2017-04-28 23:33:57 Process6520:9688 Post https://www.lagou.com/jobs/positionAjax.json?
2017-04-28 23:33:58 Process6520:9688 Post 200 https://www.lagou.com/jobs/positionAjax.json?
2017-04-28 23:33:58 Process6520:9688 Post https://www.lagou.com/jobs/positionAjax.json?
2017-04-28 23:33:58 Process6520:9688 Post 200 https://www.lagou.com/jobs/positionAjax.json?
2017-04-28 23:33:58 Process6520:9688 Process start
2017-04-28 23:33:59 Process6520:9688 Building prefix dict from the default dictionary ...
2017-04-28 23:33:59 Process6520:9688 Loading model from cache C:\Users\xsh\AppData\Local\Temp\jieba.cache
2017-04-28 23:34:01 Process6520:9688 Loading model cost 2.044 seconds.
2017-04-28 23:34:01 Process6520:9688 Prefix dict has been built succesfully.
2017-04-28 23:34:02 Process6520:9688 Main start
2017-04-28 23:34:02 Process6520:9688 Post https://www.lagou.com/jobs/positionAjax.json?
2017-04-28 23:34:03 Process6520:9688 Post 200 https://www.lagou.com/jobs/positionAjax.json?
2017-04-28 23:34:03 Process6520:9688 Post https://www.lagou.com/jobs/positionAjax.json?
2017-04-28 23:34:03 Process6520:9688 Post 200 https://www.lagou.com/jobs/positionAjax.json?
2017-04-28 23:34:04 Process6520:9688 Post https://www.lagou.com/jobs/positionAjax.json?
2017-04-28 23:34:04 Process6520:9688 Post 200 https://www.lagou.com/jobs/positionAjax.json?
2017-04-28 23:34:04 Process6520:9688 Process start
2017-04-29 00:52:32 Process11196:11512 Main start
2017-04-29 00:52:32 Process11196:11512 Post https://www.lagou.com/jobs/positionAjax.json?
2017-04-29 00:52:32 Process11196:11512 Post 200 https://www.lagou.com/jobs/positionAjax.json?
2017-04-29 00:52:32 Process11196:11512 Post https://www.lagou.com/jobs/positionAjax.json?
2017-04-29 00:52:33 Process11196:11512 Post 200 https://www.lagou.com/jobs/positionAjax.json?
2017-04-29 00:52:33 Process11196:11512 Post https://www.lagou.com/jobs/positionAjax.json?
2017-04-29 00:52:33 Process11196:11512 Post 200 https://www.lagou.com/jobs/positionAjax.json?
2017-04-29 00:52:34 Process11196:11512 Process start
2017-04-29 00:52:34 Process11196:11512 Building prefix dict from the default dictionary ...
2017-04-29 00:52:34 Process11196:11512 Loading model from cache C:\Users\xsh\AppData\Local\Temp\jieba.cache
2017-04-29 00:52:37 Process11196:11512 Loading model cost 2.329 seconds.
2017-04-29 00:52:37 Process11196:11512 Prefix dict has been built succesfully.
2017-04-29 20:12:58 Process2092:11144 Main start
2017-04-29 20:12:58 Process2092:11144 Post https://www.lagou.com/jobs/positionAjax.json?
2017-04-29 20:12:59 Process2092:11144 Post 200 https://www.lagou.com/jobs/positionAjax.json?
2017-04-29 20:12:59 Process2092:11144 Post https://www.lagou.com/jobs/positionAjax.json?
2017-04-29 20:13:00 Process2092:11144 Post 200 https://www.lagou.com/jobs/positionAjax.json?
2017-04-29 20:13:00 Process2092:11144 Post https://www.lagou.com/jobs/positionAjax.json?
2017-04-29 20:13:01 Process2092:11144 Post 200 https://www.lagou.com/jobs/positionAjax.json?
2017-04-29 20:13:01 Process2092:11144 Process start
2017-04-29 20:13:02 Process2092:11144 Building prefix dict from the default dictionary ...
2017-04-29 20:13:02 Process2092:11144 Loading model from cache C:\Users\xsh\AppData\Local\Temp\jieba.cache
2017-04-29 20:13:04 Process2092:11144 Loading model cost 2.322 seconds.
2017-04-29 20:13:04 Process2092:11144 Prefix dict has been built succesfully.
2017-04-29 20:14:37 Process2092:11144 Main start
2017-04-29 20:14:37 Process2092:11144 Post https://www.lagou.com/jobs/positionAjax.json?
2017-04-29 20:14:38 Process2092:11144 Post 200 https://www.lagou.com/jobs/positionAjax.json?
2017-04-29 20:14:38 Process2092:11144 Post https://www.lagou.com/jobs/positionAjax.json?
2017-04-29 20:14:39 Process2092:11144 Post 200 https://www.lagou.com/jobs/positionAjax.json?
2017-04-29 20:14:39 Process2092:11144 Post https://www.lagou.com/jobs/positionAjax.json?
2017-04-29 20:14:40 Process2092:11144 Post 200 https://www.lagou.com/jobs/positionAjax.json?
2017-04-29 20:14:41 Process2092:11144 Process start
2017-04-29 20:14:48 Process2092:11144 Main start
2017-04-29 20:14:48 Process2092:11144 Post https://www.lagou.com/jobs/positionAjax.json?
2017-04-29 20:14:49 Process2092:11144 Post 200 https://www.lagou.com/jobs/positionAjax.json?
2017-04-29 20:14:50 Process2092:11144 Post https://www.lagou.com/jobs/positionAjax.json?
2017-04-29 20:14:51 Process2092:11144 Post 200 https://www.lagou.com/jobs/positionAjax.json?
2017-04-29 20:14:52 Process2092:11144 Post https://www.lagou.com/jobs/positionAjax.json?
2017-04-29 20:14:52 Process2092:11144 Post 200 https://www.lagou.com/jobs/positionAjax.json?
2017-04-29 20:14:53 Process2092:11144 Process start
2017-04-29 20:15:17 Process2092:11144 Main start
2017-04-29 20:15:17 Process2092:11144 Post https://www.lagou.com/jobs/positionAjax.json?
2017-04-29 20:15:18 Process2092:11144 Post 200 https://www.lagou.com/jobs/positionAjax.json?
2017-04-29 20:15:18 Process2092:11144 Post https://www.lagou.com/jobs/positionAjax.json?
2017-04-29 20:15:19 Process2092:11144 Post 200 https://www.lagou.com/jobs/positionAjax.json?
2017-04-29 20:15:19 Process2092:11144 Post https://www.lagou.com/jobs/positionAjax.json?
2017-04-29 20:15:20 Process2092:11144 Post 200 https://www.lagou.com/jobs/positionAjax.json?
2017-04-29 20:15:21 Process2092:11144 Process start
2017-04-29 20:15:42 Process11116:11152 Main start
2017-04-29 20:15:42 Process11116:11152 Post https://www.lagou.com/jobs/positionAjax.json?
2017-04-29 20:15:42 Process11116:11152 Post 200 https://www.lagou.com/jobs/positionAjax.json?
2017-04-29 20:15:43 Process11116:11152 Post https://www.lagou.com/jobs/positionAjax.json?
2017-04-29 20:15:43 Process11116:11152 Post 200 https://www.lagou.com/jobs/positionAjax.json?
2017-04-29 20:15:44 Process11116:11152 Post https://www.lagou.com/jobs/positionAjax.json?
2017-04-29 20:15:44 Process11116:11152 Post 200 https://www.lagou.com/jobs/positionAjax.json?
2017-04-29 20:15:45 Process11116:11152 Process start
2017-04-29 20:15:45 Process11116:11152 Building prefix dict from the default dictionary ...
2017-04-29 20:15:45 Process11116:11152 Loading model from cache C:\Users\xsh\AppData\Local\Temp\jieba.cache
2017-04-29 20:15:47 Process11116:11152 Loading model cost 2.271 seconds.
2017-04-29 20:15:47 Process11116:11152 Prefix dict has been built succesfully.
2017-04-29 20:18:42 Process2956:6960 Main start
2017-04-29 20:18:42 Process2956:6960 Post https://www.lagou.com/jobs/positionAjax.json?
2017-04-29 20:18:42 Process2956:6960 Post 200 https://www.lagou.com/jobs/positionAjax.json?
2017-04-29 20:18:43 Process2956:6960 Post https://www.lagou.com/jobs/positionAjax.json?
2017-04-29 20:18:43 Process2956:6960 Post 200 https://www.lagou.com/jobs/positionAjax.json?
2017-04-29 20:18:43 Process2956:6960 Post https://www.lagou.com/jobs/positionAjax.json?
2017-04-29 20:18:44 Process2956:6960 Post 200 https://www.lagou.com/jobs/positionAjax.json?
2017-04-29 20:18:44 Process2956:6960 Process start
2017-04-29 20:18:45 Process2956:6960 Building prefix dict from the default dictionary ...
2017-04-29 20:18:45 Process2956:6960 Loading model from cache C:\Users\xsh\AppData\Local\Temp\jieba.cache
2017-04-29 20:18:48 Process2956:6960 Loading model cost 3.724 seconds.
2017-04-29 20:18:48 Process2956:6960 Prefix dict has been built succesfully.
2017-04-29 20:23:40 Process2956:6960 Main start
2017-04-29 20:23:40 Process2956:6960 Post https://www.lagou.com/jobs/positionAjax.json?
2017-04-29 20:23:40 Process2956:6960 Post 200 https://www.lagou.com/jobs/positionAjax.json?
2017-04-29 20:23:41 Process2956:6960 Post https://www.lagou.com/jobs/positionAjax.json?
2017-04-29 20:23:41 Process2956:6960 Post 200 https://www.lagou.com/jobs/positionAjax.json?
2017-04-29 20:23:41 Process2956:6960 Post https://www.lagou.com/jobs/positionAjax.json?
2017-04-29 20:23:42 Process2956:6960 Post 200 https://www.lagou.com/jobs/positionAjax.json?
2017-04-29 20:23:42 Process2956:6960 Process start
2017-04-29 20:25:49 Process2956:6960 Main start
2017-04-29 20:25:49 Process2956:6960 Post https://www.lagou.com/jobs/positionAjax.json?
2017-04-29 20:25:49 Process2956:6960 Post 200 https://www.lagou.com/jobs/positionAjax.json?
2017-04-29 20:25:50 Process2956:6960 Post https://www.lagou.com/jobs/positionAjax.json?
2017-04-29 20:25:50 Process2956:6960 Post 200 https://www.lagou.com/jobs/positionAjax.json?
2017-04-29 20:25:50 Process2956:6960 Post https://www.lagou.com/jobs/positionAjax.json?
2017-04-29 20:25:51 Process2956:6960 Post 200 https://www.lagou.com/jobs/positionAjax.json?
2017-04-29 20:25:51 Process2956:6960 Process start
2017-04-29 20:25:52 Process2956:6960 Main start
2017-04-29 20:25:52 Process2956:6960 Post https://www.lagou.com/jobs/positionAjax.json?
2017-04-29 20:25:52 Process2956:6960 Post 200 https://www.lagou.com/jobs/positionAjax.json?
2017-04-29 20:25:53 Process2956:6960 Post https://www.lagou.com/jobs/positionAjax.json?
2017-04-29 20:25:53 Process2956:6960 Post 200 https://www.lagou.com/jobs/positionAjax.json?
2017-04-29 20:25:53 Process2956:6960 Post https://www.lagou.com/jobs/positionAjax.json?
2017-04-29 20:25:53 Process2956:6960 Post 200 https://www.lagou.com/jobs/positionAjax.json?
2017-04-29 20:25:54 Process2956:6960 Process start
2017-04-29 20:25:55 Process2956:6960 Main start
2017-04-29 20:25:55 Process2956:6960 Post https://www.lagou.com/jobs/positionAjax.json?
2017-04-29 20:25:55 Process2956:6960 Post 200 https://www.lagou.com/jobs/positionAjax.json?
2017-04-29 20:25:55 Process2956:6960 Post https://www.lagou.com/jobs/positionAjax.json?
2017-04-29 20:25:56 Process2956:6960 Post 200 https://www.lagou.com/jobs/positionAjax.json?
2017-04-29 20:25:56 Process2956:6960 Post https://www.lagou.com/jobs/positionAjax.json?
2017-04-29 20:25:56 Process2956:6960 Post 200 https://www.lagou.com/jobs/positionAjax.json?
2017-04-29 20:25:57 Process2956:6960 Process start
2017-05-01 10:31:07 Process15228:4800 Main start
2017-05-01 10:31:07 Process15228:4800 Post https://www.lagou.com/jobs/positionAjax.json?
2017-05-01 10:31:08 Process15228:4800 Post 200 https://www.lagou.com/jobs/positionAjax.json?
2017-05-01 10:31:08 Process15228:4800 Post https://www.lagou.com/jobs/positionAjax.json?
2017-05-01 10:31:08 Process15228:4800 Post 200 https://www.lagou.com/jobs/positionAjax.json?
2017-05-01 10:31:08 Process15228:4800 Post https://www.lagou.com/jobs/positionAjax.json?
2017-05-01 10:31:09 Process15228:4800 Post 200 https://www.lagou.com/jobs/positionAjax.json?
2017-05-01 10:31:09 Process15228:4800 Process start
2017-05-01 10:31:10 Process15228:4800 Building prefix dict from the default dictionary ...
2017-05-01 10:31:10 Process15228:4800 Loading model from cache C:\Users\xsh\AppData\Local\Temp\jieba.cache
2017-05-01 10:31:11 Process15228:4800 Loading model cost 1.573 seconds.
2017-05-01 10:31:11 Process15228:4800 Prefix dict has been built succesfully.
2017-05-01 10:31:13 Process15228:4800 Main start
2017-05-01 10:31:13 Process15228:4800 Post https://www.lagou.com/jobs/positionAjax.json?
2017-05-01 10:31:14 Process15228:4800 Post 200 https://www.lagou.com/jobs/positionAjax.json?
2017-05-01 10:31:14 Process15228:4800 Post https://www.lagou.com/jobs/positionAjax.json?
2017-05-01 10:31:14 Process15228:4800 Post 200 https://www.lagou.com/jobs/positionAjax.json?
2017-05-01 10:31:14 Process15228:4800 Post https://www.lagou.com/jobs/positionAjax.json?
2017-05-01 10:31:15 Process15228:4800 Post 200 https://www.lagou.com/jobs/positionAjax.json?
2017-05-01 10:31:15 Process15228:4800 Process start
2017-05-04 19:38:19 Process6060:14152 Building prefix dict from the default dictionary ...
2017-05-04 19:38:19 Process6060:14152 Loading model from cache C:\Users\xsh\AppData\Local\Temp\jieba.cache
2017-05-04 19:38:22 Process6060:14152 Loading model cost 2.811 seconds.
2017-05-04 19:38:22 Process6060:14152 Prefix dict has been built succesfully.
2017-05-09 15:33:47 Process1344:10944 Main start
2017-05-09 15:33:47 Process1344:10944 Post https://www.lagou.com/jobs/positionAjax.json?
2017-05-09 15:33:47 Process1344:10944 Post 200 https://www.lagou.com/jobs/positionAjax.json?
2017-05-09 15:33:47 Process1344:10944 Post https://www.lagou.com/jobs/positionAjax.json?
2017-05-09 15:33:48 Process1344:10944 Post 200 https://www.lagou.com/jobs/positionAjax.json?
2017-05-09 15:33:48 Process1344:10944 Post https://www.lagou.com/jobs/positionAjax.json?
2017-05-09 15:33:48 Process1344:10944 Post 200 https://www.lagou.com/jobs/positionAjax.json?
2017-05-09 15:33:48 Process1344:10944 Process start
2017-05-09 15:33:49 Process1344:10944 Building prefix dict from the default dictionary ...
2017-05-09 15:33:49 Process1344:10944 Loading model from cache C:\Users\xsh\AppData\Local\Temp\jieba.cache
2017-05-09 15:33:50 Process1344:10944 Loading model cost 1.175 seconds.
2017-05-09 15:33:50 Process1344:10944 Prefix dict has been built succesfully.
2017-05-10 07:58:29 Process12428:11136 Main start
2017-05-10 07:58:29 Process12428:11136 Post https://www.lagou.com/jobs/positionAjax.json?
2017-05-10 07:58:30 Process12428:11136 Post 200 https://www.lagou.com/jobs/positionAjax.json?
2017-05-10 07:58:30 Process12428:11136 Post https://www.lagou.com/jobs/positionAjax.json?
2017-05-10 07:58:30 Process12428:11136 Post 200 https://www.lagou.com/jobs/positionAjax.json?
2017-05-10 07:58:30 Process12428:11136 Post https://www.lagou.com/jobs/positionAjax.json?
2017-05-10 07:58:31 Process12428:11136 Post 200 https://www.lagou.com/jobs/positionAjax.json?
2017-05-10 07:58:31 Process12428:11136 Post https://www.lagou.com/jobs/positionAjax.json?
2017-05-10 07:58:31 Process12428:11136 Post 200 https://www.lagou.com/jobs/positionAjax.json?
2017-05-10 07:58:32 Process12428:11136 Post https://www.lagou.com/jobs/positionAjax.json?
2017-05-10 07:58:32 Process12428:11136 Post 200 https://www.lagou.com/jobs/positionAjax.json?
2017-05-10 07:58:32 Process12428:11136 Post https://www.lagou.com/jobs/positionAjax.json?
2017-05-10 07:58:32 Process12428:11136 Post 200 https://www.lagou.com/jobs/positionAjax.json?
2017-05-10 07:58:33 Process12428:11136 Post https://www.lagou.com/jobs/positionAjax.json?
2017-05-10 07:58:33 Process12428:11136 Post 200 https://www.lagou.com/jobs/positionAjax.json?
2017-05-10 07:58:33 Process12428:11136 Post https://www.lagou.com/jobs/positionAjax.json?
2017-05-10 07:58:34 Process12428:11136 Post 200 https://www.lagou.com/jobs/positionAjax.json?
2017-05-10 07:58:34 Process12428:11136 Post https://www.lagou.com/jobs/positionAjax.json?
2017-05-10 07:58:34 Process12428:11136 Post 200 https://www.lagou.com/jobs/positionAjax.json?
2017-05-10 07:58:34 Process12428:11136 Post https://www.lagou.com/jobs/positionAjax.json?
2017-05-10 07:58:35 Process12428:11136 Post 200 https://www.lagou.com/jobs/positionAjax.json?
2017-05-10 07:58:35 Process12428:11136 Post https://www.lagou.com/jobs/positionAjax.json?
2017-05-10 07:58:35 Process12428:11136 Post 200 https://www.lagou.com/jobs/positionAjax.json?
2017-05-10 07:58:35 Process12428:11136 Post https://www.lagou.com/jobs/positionAjax.json?
2017-05-10 07:58:36 Process12428:11136 Post 200 https://www.lagou.com/jobs/positionAjax.json?
2017-05-10 07:58:36 Process12428:11136 Post https://www.lagou.com/jobs/positionAjax.json?
2017-05-10 07:58:36 Process12428:11136 Post 200 https://www.lagou.com/jobs/positionAjax.json?
2017-05-10 07:58:36 Process12428:11136 Post https://www.lagou.com/jobs/positionAjax.json?
2017-05-10 07:58:37 Process12428:11136 Post 200 https://www.lagou.com/jobs/positionAjax.json?
2017-05-10 07:58:37 Process12428:11136 Post https://www.lagou.com/jobs/positionAjax.json?
2017-05-10 07:58:37 Process12428:11136 Post 200 https://www.lagou.com/jobs/positionAjax.json?
2017-05-10 07:58:38 Process12428:11136 Post https://www.lagou.com/jobs/positionAjax.json?
2017-05-10 07:58:38 Process12428:11136 Post 200 https://www.lagou.com/jobs/positionAjax.json?
2017-05-10 07:58:38 Process12428:11136 Post https://www.lagou.com/jobs/positionAjax.json?
2017-05-10 07:58:38 Process12428:11136 Post 200 https://www.lagou.com/jobs/positionAjax.json?
2017-05-10 07:58:39 Process12428:11136 Post https://www.lagou.com/jobs/positionAjax.json?
2017-05-10 07:58:39 Process12428:11136 Post 200 https://www.lagou.com/jobs/positionAjax.json?
2017-05-10 07:58:39 Process12428:11136 Post https://www.lagou.com/jobs/positionAjax.json?
2017-05-10 07:58:40 Process12428:11136 Post 200 https://www.lagou.com/jobs/positionAjax.json?
2017-05-10 07:58:40 Process12428:11136 Post https://www.lagou.com/jobs/positionAjax.json?
2017-05-10 07:58:40 Process12428:11136 Post 200 https://www.lagou.com/jobs/positionAjax.json?
2017-05-10 07:58:40 Process12428:11136 Process start
2017-05-10 07:58:41 Process12428:11136 Building prefix dict from the default dictionary ...
2017-05-10 07:58:41 Process12428:11136 Loading model from cache C:\Users\xsh\AppData\Local\Temp\jieba.cache
2017-05-10 07:58:43 Process12428:11136 Loading model cost 1.453 seconds.
2017-05-10 07:58:43 Process12428:11136 Prefix dict has been built succesfully.
2017-05-10 08:01:16 Process10460:10500 Main start
2017-05-10 08:01:16 Process10460:10500 Post https://www.lagou.com/jobs/positionAjax.json?
2017-05-10 08:01:16 Process10460:10500 Post 200 https://www.lagou.com/jobs/positionAjax.json?
2017-05-10 08:01:17 Process10460:10500 Post https://www.lagou.com/jobs/positionAjax.json?
2017-05-10 08:01:17 Process10460:10500 Post 200 https://www.lagou.com/jobs/positionAjax.json?
2017-05-10 08:01:17 Process10460:10500 Post https://www.lagou.com/jobs/positionAjax.json?
2017-05-10 08:01:18 Process10460:10500 Post 200 https://www.lagou.com/jobs/positionAjax.json?
2017-05-10 08:01:18 Process10460:10500 Post https://www.lagou.com/jobs/positionAjax.json?
2017-05-10 08:01:18 Process10460:10500 Post 200 https://www.lagou.com/jobs/positionAjax.json?
2017-05-10 08:01:18 Process10460:10500 Post https://www.lagou.com/jobs/positionAjax.json?
2017-05-10 08:01:19 Process10460:10500 Post 200 https://www.lagou.com/jobs/positionAjax.json?
2017-05-10 08:01:19 Process10460:10500 Post https://www.lagou.com/jobs/positionAjax.json?
2017-05-10 08:01:19 Process10460:10500 Post 200 https://www.lagou.com/jobs/positionAjax.json?
2017-05-10 08:01:19 Process10460:10500 Post https://www.lagou.com/jobs/positionAjax.json?
2017-05-10 08:01:20 Process10460:10500 Post 200 https://www.lagou.com/jobs/positionAjax.json?
2017-05-10 08:01:20 Process10460:10500 Post https://www.lagou.com/jobs/positionAjax.json?
2017-05-10 08:01:20 Process10460:10500 Post 200 https://www.lagou.com/jobs/positionAjax.json?
2017-05-10 08:01:21 Process10460:10500 Post https://www.lagou.com/jobs/positionAjax.json?
2017-05-10 08:01:21 Process10460:10500 Post 200 https://www.lagou.com/jobs/positionAjax.json?
2017-05-10 08:01:21 Process10460:10500 Post https://www.lagou.com/jobs/positionAjax.json?
2017-05-10 08:01:21 Process10460:10500 Post 200 https://www.lagou.com/jobs/positionAjax.json?
2017-05-10 08:01:22 Process10460:10500 Post https://www.lagou.com/jobs/positionAjax.json?
2017-05-10 08:01:22 Process10460:10500 Post 200 https://www.lagou.com/jobs/positionAjax.json?
2017-05-10 08:01:22 Process10460:10500 Post https://www.lagou.com/jobs/positionAjax.json?
2017-05-10 08:01:22 Process10460:10500 Post 200 https://www.lagou.com/jobs/positionAjax.json?
2017-05-10 08:01:23 Process10460:10500 Post https://www.lagou.com/jobs/positionAjax.json?
2017-05-10 08:01:23 Process10460:10500 Post 200 https://www.lagou.com/jobs/positionAjax.json?
2017-05-10 08:01:23 Process10460:10500 Post https://www.lagou.com/jobs/positionAjax.json?
2017-05-10 08:01:24 Process10460:10500 Post 200 https://www.lagou.com/jobs/positionAjax.json?
2017-05-10 08:01:24 Process10460:10500 Post https://www.lagou.com/jobs/positionAjax.json?
2017-05-10 08:01:24 Process10460:10500 Post 200 https://www.lagou.com/jobs/positionAjax.json?
2017-05-10 08:01:24 Process10460:10500 Post https://www.lagou.com/jobs/positionAjax.json?
2017-05-10 08:01:25 Process10460:10500 Post 200 https://www.lagou.com/jobs/positionAjax.json?
2017-05-10 08:01:25 Process10460:10500 Post https://www.lagou.com/jobs/positionAjax.json?
2017-05-10 08:01:25 Process10460:10500 Post 200 https://www.lagou.com/jobs/positionAjax.json?
2017-05-10 08:01:25 Process10460:10500 Post https://www.lagou.com/jobs/positionAjax.json?
2017-05-10 08:01:26 Process10460:10500 Post 200 https://www.lagou.com/jobs/positionAjax.json?
2017-05-10 08:01:26 Process10460:10500 Post https://www.lagou.com/jobs/positionAjax.json?
2017-05-10 08:01:26 Process10460:10500 Post 200 https://www.lagou.com/jobs/positionAjax.json?
2017-05-10 08:01:26 Process10460:10500 Post https://www.lagou.com/jobs/positionAjax.json?
2017-05-10 08:01:27 Process10460:10500 Post 200 https://www.lagou.com/jobs/positionAjax.json?
2017-05-10 08:01:27 Process10460:10500 Post https://www.lagou.com/jobs/positionAjax.json?
2017-05-10 08:01:27 Process10460:10500 Post 200 https://www.lagou.com/jobs/positionAjax.json?
2017-05-10 08:01:27 Process10460:10500 Post https://www.lagou.com/jobs/positionAjax.json?
2017-05-10 08:01:28 Process10460:10500 Post 200 https://www.lagou.com/jobs/positionAjax.json?
2017-05-10 08:01:28 Process10460:10500 Post https://www.lagou.com/jobs/positionAjax.json?
2017-05-10 08:01:28 Process10460:10500 Post 200 https://www.lagou.com/jobs/positionAjax.json?
2017-05-10 08:01:28 Process10460:10500 Post https://www.lagou.com/jobs/positionAjax.json?
2017-05-10 08:01:29 Process10460:10500 Post 200 https://www.lagou.com/jobs/positionAjax.json?
2017-05-10 08:01:29 Process10460:10500 Post https://www.lagou.com/jobs/positionAjax.json?
2017-05-10 08:01:29 Process10460:10500 Post 200 https://www.lagou.com/jobs/positionAjax.json?
2017-05-10 08:01:30 Process10460:10500 Post https://www.lagou.com/jobs/positionAjax.json?
2017-05-10 08:01:30 Process10460:10500 Post 200 https://www.lagou.com/jobs/positionAjax.json?
2017-05-10 08:01:30 Process10460:10500 Post https://www.lagou.com/jobs/positionAjax.json?
2017-05-10 08:01:30 Process10460:10500 Post 200 https://www.lagou.com/jobs/positionAjax.json?
2017-05-10 08:01:31 Process10460:10500 Post https://www.lagou.com/jobs/positionAjax.json?
2017-05-10 08:01:31 Process10460:10500 Post 200 https://www.lagou.com/jobs/positionAjax.json?
2017-05-10 08:01:31 Process10460:10500 Post https://www.lagou.com/jobs/positionAjax.json?
2017-05-10 08:01:32 Process10460:10500 Post 200 https://www.lagou.com/jobs/positionAjax.json?
2017-05-10 08:01:32 Process10460:10500 Post https://www.lagou.com/jobs/positionAjax.json?
2017-05-10 08:01:32 Process10460:10500 Post 200 https://www.lagou.com/jobs/positionAjax.json?
2017-05-10 08:01:32 Process10460:10500 Process start
2017-05-10 08:01:36 Process10460:10500 Building prefix dict from the default dictionary ...
2017-05-10 08:01:36 Process10460:10500 Loading model from cache C:\Users\xsh\AppData\Local\Temp\jieba.cache
2017-05-10 08:01:38 Process10460:10500 Loading model cost 1.537 seconds.
2017-05-10 08:01:38 Process10460:10500 Prefix dict has been built succesfully.
2017-05-10 09:03:21 Process5180:3568 Main start
2017-05-10 09:03:21 Process5180:3568 Post https://www.lagou.com/jobs/positionAjax.json?
2017-05-10 09:03:21 Process5180:3568 Post 200 https://www.lagou.com/jobs/positionAjax.json?
2017-05-10 09:03:21 Process5180:3568 Post https://www.lagou.com/jobs/positionAjax.json?
2017-05-10 09:03:22 Process5180:3568 Post 200 https://www.lagou.com/jobs/positionAjax.json?
2017-05-10 09:03:22 Process5180:3568 Post https://www.lagou.com/jobs/positionAjax.json?
2017-05-10 09:03:22 Process5180:3568 Post 200 https://www.lagou.com/jobs/positionAjax.json?
2017-05-10 09:03:22 Process5180:3568 Post https://www.lagou.com/jobs/positionAjax.json?
2017-05-10 09:03:23 Process5180:3568 Post 200 https://www.lagou.com/jobs/positionAjax.json?
2017-05-10 09:03:23 Process5180:3568 Post https://www.lagou.com/jobs/positionAjax.json?
2017-05-10 09:03:23 Process5180:3568 Post 200 https://www.lagou.com/jobs/positionAjax.json?
2017-05-10 09:03:24 Process5180:3568 Post https://www.lagou.com/jobs/positionAjax.json?
2017-05-10 09:03:24 Process5180:3568 Post 200 https://www.lagou.com/jobs/positionAjax.json?
2017-05-10 09:03:24 Process5180:3568 Post https://www.lagou.com/jobs/positionAjax.json?
2017-05-10 09:03:24 Process5180:3568 Post 200 https://www.lagou.com/jobs/positionAjax.json?
2017-05-10 09:03:25 Process5180:3568 Post https://www.lagou.com/jobs/positionAjax.json?
2017-05-10 09:03:25 Process5180:3568 Post 200 https://www.lagou.com/jobs/positionAjax.json?
2017-05-10 09:03:25 Process5180:3568 Post https://www.lagou.com/jobs/positionAjax.json?
2017-05-10 09:03:26 Process5180:3568 Post 200 https://www.lagou.com/jobs/positionAjax.json?
2017-05-10 09:03:26 Process5180:3568 Post https://www.lagou.com/jobs/positionAjax.json?
2017-05-10 09:03:26 Process5180:3568 Post 200 https://www.lagou.com/jobs/positionAjax.json?
2017-05-10 09:03:26 Process5180:3568 Post https://www.lagou.com/jobs/positionAjax.json?
2017-05-10 09:03:27 Process5180:3568 Post 200 https://www.lagou.com/jobs/positionAjax.json?
2017-05-10 09:03:27 Process5180:3568 Post https://www.lagou.com/jobs/positionAjax.json?
2017-05-10 09:03:27 Process5180:3568 Post 200 https://www.lagou.com/jobs/positionAjax.json?
2017-05-10 09:03:27 Process5180:3568 Post https://www.lagou.com/jobs/positionAjax.json?
2017-05-10 09:03:28 Process5180:3568 Post 200 https://www.lagou.com/jobs/positionAjax.json?
2017-05-10 09:03:28 Process5180:3568 Post https://www.lagou.com/jobs/positionAjax.json?
2017-05-10 09:03:28 Process5180:3568 Post 200 https://www.lagou.com/jobs/positionAjax.json?
2017-05-10 09:03:29 Process5180:3568 Post https://www.lagou.com/jobs/positionAjax.json?
2017-05-10 09:03:29 Process5180:3568 Post 200 https://www.lagou.com/jobs/positionAjax.json?
2017-05-10 09:03:29 Process5180:3568 Post https://www.lagou.com/jobs/positionAjax.json?
2017-05-10 09:03:30 Process5180:3568 Post 200 https://www.lagou.com/jobs/positionAjax.json?
2017-05-10 09:03:30 Process5180:3568 Post https://www.lagou.com/jobs/positionAjax.json?
2017-05-10 09:03:30 Process5180:3568 Post 200 https://www.lagou.com/jobs/positionAjax.json?
2017-05-10 09:03:30 Process5180:3568 Post https://www.lagou.com/jobs/positionAjax.json?
2017-05-10 09:03:31 Process5180:3568 Post 200 https://www.lagou.com/jobs/positionAjax.json?
2017-05-10 09:03:31 Process5180:3568 Post https://www.lagou.com/jobs/positionAjax.json?
2017-05-10 09:03:31 Process5180:3568 Post 200 https://www.lagou.com/jobs/positionAjax.json?
2017-05-10 09:03:32 Process5180:3568 Post https://www.lagou.com/jobs/positionAjax.json?
2017-05-10 09:03:32 Process5180:3568 Post 200 https://www.lagou.com/jobs/positionAjax.json?
2017-05-10 09:03:32 Process5180:3568 Post https://www.lagou.com/jobs/positionAjax.json?
2017-05-10 09:03:32 Process5180:3568 Post 200 https://www.lagou.com/jobs/positionAjax.json?
2017-05-10 09:03:33 Process5180:3568 Post https://www.lagou.com/jobs/positionAjax.json?
2017-05-10 09:03:33 Process5180:3568 Post 200 https://www.lagou.com/jobs/positionAjax.json?
2017-05-10 09:03:33 Process5180:3568 Post https://www.lagou.com/jobs/positionAjax.json?
2017-05-10 09:03:34 Process5180:3568 Post 200 https://www.lagou.com/jobs/positionAjax.json?
2017-05-10 09:03:34 Process5180:3568 Post https://www.lagou.com/jobs/positionAjax.json?
2017-05-10 09:03:34 Process5180:3568 Post 200 https://www.lagou.com/jobs/positionAjax.json?
2017-05-10 09:03:34 Process5180:3568 Post https://www.lagou.com/jobs/positionAjax.json?
2017-05-10 09:03:35 Process5180:3568 Post 200 https://www.lagou.com/jobs/positionAjax.json?
2017-05-10 09:03:35 Process5180:3568 Post https://www.lagou.com/jobs/positionAjax.json?
2017-05-10 09:03:35 Process5180:3568 Post 200 https://www.lagou.com/jobs/positionAjax.json?
2017-05-10 09:03:35 Process5180:3568 Post https://www.lagou.com/jobs/positionAjax.json?
2017-05-10 09:03:36 Process5180:3568 Post 200 https://www.lagou.com/jobs/positionAjax.json?
2017-05-10 09:03:36 Process5180:3568 Post https://www.lagou.com/jobs/positionAjax.json?
2017-05-10 09:03:37 Process5180:3568 Post 200 https://www.lagou.com/jobs/positionAjax.json?
2017-05-10 09:03:37 Process5180:3568 Post https://www.lagou.com/jobs/positionAjax.json?
2017-05-10 09:03:37 Process5180:3568 Post 200 https://www.lagou.com/jobs/positionAjax.json?
2017-05-10 09:03:38 Process5180:3568 Post https://www.lagou.com/jobs/positionAjax.json?
2017-05-10 09:03:38 Process5180:3568 Post 200 https://www.lagou.com/jobs/positionAjax.json?
2017-05-10 09:03:38 Process5180:3568 Process start
2017-05-10 09:03:43 Process5180:3568 Building prefix dict from the default dictionary ...
2017-05-10 09:03:43 Process5180:3568 Loading model from cache C:\Users\xsh\AppData\Local\Temp\jieba.cache
2017-05-10 09:03:44 Process5180:3568 Loading model cost 1.053 seconds.
2017-05-10 09:03:44 Process5180:3568 Prefix dict has been built succesfully.
2017-05-10 09:43:18 Process5180:3568 Main start
2017-05-10 09:43:18 Process5180:3568 Post https://www.lagou.com/jobs/positionAjax.json?
2017-05-10 09:43:19 Process5180:3568 Post 200 https://www.lagou.com/jobs/positionAjax.json?
2017-05-10 09:43:19 Process5180:3568 Post https://www.lagou.com/jobs/positionAjax.json?
2017-05-10 09:43:19 Process5180:3568 Post 200 https://www.lagou.com/jobs/positionAjax.json?
2017-05-10 09:43:19 Process5180:3568 Post https://www.lagou.com/jobs/positionAjax.json?
2017-05-10 09:43:20 Process5180:3568 Post 200 https://www.lagou.com/jobs/positionAjax.json?
2017-05-10 09:43:20 Process5180:3568 Post https://www.lagou.com/jobs/positionAjax.json?
2017-05-10 09:43:20 Process5180:3568 Post 200 https://www.lagou.com/jobs/positionAjax.json?
2017-05-10 09:43:21 Process5180:3568 Post https://www.lagou.com/jobs/positionAjax.json?
2017-05-10 09:43:21 Process5180:3568 Post 200 https://www.lagou.com/jobs/positionAjax.json?
2017-05-10 09:43:21 Process5180:3568 Post https://www.lagou.com/jobs/positionAjax.json?
2017-05-10 09:43:22 Process5180:3568 Post 200 https://www.lagou.com/jobs/positionAjax.json?
2017-05-10 09:43:22 Process5180:3568 Post https://www.lagou.com/jobs/positionAjax.json?
2017-05-10 09:43:22 Process5180:3568 Post 200 https://www.lagou.com/jobs/positionAjax.json?
2017-05-10 09:43:23 Process5180:3568 Post https://www.lagou.com/jobs/positionAjax.json?
2017-05-10 09:43:23 Process5180:3568 Post 200 https://www.lagou.com/jobs/positionAjax.json?
2017-05-10 09:43:23 Process5180:3568 Post https://www.lagou.com/jobs/positionAjax.json?
2017-05-10 09:43:23 Process5180:3568 Post 200 https://www.lagou.com/jobs/positionAjax.json?
2017-05-10 09:43:24 Process5180:3568 Post https://www.lagou.com/jobs/positionAjax.json?
2017-05-10 09:43:24 Process5180:3568 Post 200 https://www.lagou.com/jobs/positionAjax.json?
2017-05-10 09:43:24 Process5180:3568 Post https://www.lagou.com/jobs/positionAjax.json?
2017-05-10 09:43:24 Process5180:3568 Post 200 https://www.lagou.com/jobs/positionAjax.json?
2017-05-10 09:43:25 Process5180:3568 Post https://www.lagou.com/jobs/positionAjax.json?
2017-05-10 09:43:25 Process5180:3568 Post 200 https://www.lagou.com/jobs/positionAjax.json?
2017-05-10 09:43:25 Process5180:3568 Post https://www.lagou.com/jobs/positionAjax.json?
2017-05-10 09:43:26 Process5180:3568 Post 200 https://www.lagou.com/jobs/positionAjax.json?
2017-05-10 09:43:26 Process5180:3568 Post https://www.lagou.com/jobs/positionAjax.json?
2017-05-10 09:43:26 Process5180:3568 Post 200 https://www.lagou.com/jobs/positionAjax.json?
2017-05-10 09:43:26 Process5180:3568 Post https://www.lagou.com/jobs/positionAjax.json?
2017-05-10 09:43:27 Process5180:3568 Post 200 https://www.lagou.com/jobs/positionAjax.json?
2017-05-10 09:43:27 Process5180:3568 Post https://www.lagou.com/jobs/positionAjax.json?
2017-05-10 09:43:27 Process5180:3568 Post 200 https://www.lagou.com/jobs/positionAjax.json?
